------------------------------------------------------------------------------------------------------------------------

[2021-10-01 00:15:08 #1 store] 
Database '/Users/andreagarciaiche/Desktop/IS2/PROYECTO/Bets21Azkena/src/main/resources/bets.temp' is opened by 25407@pc-10-207.customer.ask4.lan

[2021-10-01 00:15:09 #2 type.registry] 
New type domain.Event

[2021-10-01 00:15:09 #3 type] 
Type domain.Event is not enhanced.

[2021-10-01 00:15:09 #4 type.registry] 
New type domain.Question

[2021-10-01 00:15:09 #5 type.registry] 
New type java.util.Vector<domain.Question>

[2021-10-01 00:15:09 #6 type] 
Type domain.Question is not enhanced.

[2021-10-01 00:15:09 #7 type.registry] 
New type domain.Pronostikoa

[2021-10-01 00:15:09 #8 type.registry] 
New type java.util.Vector<domain.Pronostikoa>

[2021-10-01 00:15:09 #9 type] 
Type domain.Pronostikoa is not enhanced.

[2021-10-01 00:15:09 #10 type.registry] 
New type domain.Apustua

[2021-10-01 00:15:09 #11 type.registry] 
New type java.util.Vector<domain.Apustua>

[2021-10-01 00:15:09 #12 type] 
Type domain.Apustua is not enhanced.

[2021-10-01 00:15:09 #13 type.registry] 
New type java.util.ArrayList<domain.Pronostikoa>

[2021-10-01 00:15:09 #14 type.registry] 
New type domain.Pertsona

[2021-10-01 00:15:09 #15 type.registry] 
New type domain.Bezeroa

[2021-10-01 00:15:09 #16 type] 
Type domain.Pertsona is not enhanced.

[2021-10-01 00:15:09 #17 type] 
Type domain.Bezeroa is not enhanced.

[2021-10-01 00:15:09 #18 type.registry] 
New type domain.ArretaElkarrizketa

[2021-10-01 00:15:09 #19 type.registry] 
New type java.util.Vector<domain.ArretaElkarrizketa>

[2021-10-01 00:15:09 #20 type.registry] 
New type domain.Errepikapena

[2021-10-01 00:15:09 #21 type.registry] 
New type java.util.Vector<domain.Errepikapena>

[2021-10-01 00:15:09 #22 type.registry] 
New type domain.Mezua

[2021-10-01 00:15:09 #23 type.registry] 
New type domain.BezeroartekoMezua

[2021-10-01 00:15:09 #24 type.registry] 
New type java.util.Vector<domain.BezeroartekoMezua>

[2021-10-01 00:15:09 #25 type.registry] 
New type domain.Mugimendua

[2021-10-01 00:15:09 #26 type.registry] 
New type java.util.Vector<domain.Mugimendua>

[2021-10-01 00:15:09 #27 type] 
Type domain.ArretaElkarrizketa is not enhanced.

[2021-10-01 00:15:09 #28 type.registry] 
New type domain.ArretaMezua

[2021-10-01 00:15:09 #29 type.registry] 
New type java.util.Vector<domain.ArretaMezua>

[2021-10-01 00:15:09 #30 type.registry] 
New type domain.Langilea

[2021-10-01 00:15:09 #31 type] 
Type domain.Errepikapena is not enhanced.

[2021-10-01 00:15:09 #32 type] 
Type domain.Mezua is not enhanced.

[2021-10-01 00:15:09 #33 type] 
Type domain.BezeroartekoMezua is not enhanced.

[2021-10-01 00:15:09 #34 type] 
Type domain.Mugimendua is not enhanced.

[2021-10-01 00:15:09 #35 type] 
Type domain.ArretaMezua is not enhanced.

[2021-10-01 00:15:09 #36 type] 
Type domain.Langilea is not enhanced.

[2021-10-01 00:15:09 #37 type.registry] 
New type int[]

------------------------------------------------------------------------------------------------------------------------

[2021-10-01 00:18:06 #1 store] 
Database '/Users/andreagarciaiche/Desktop/IS2/PROYECTO/Bets21Azkena/src/main/resources/bets.temp' is opened by 25466@pc-10-207.customer.ask4.lan

------------------------------------------------------------------------------------------------------------------------

[2021-10-01 00:24:21 #1 store] 
Database '/Users/andreagarciaiche/Desktop/IS2/PROYECTO/Bets21Azkena/src/main/resources/bets.temp' is opened by 25609@pc-10-207.customer.ask4.lan

[2021-10-01 00:24:21 #2 type.registry] 
New type domain.Event

[2021-10-01 00:24:21 #3 type] 
Type domain.Event is not enhanced.

[2021-10-01 00:24:21 #4 type.registry] 
New type domain.Question

[2021-10-01 00:24:21 #5 type.registry] 
New type java.util.Vector<domain.Question>

[2021-10-01 00:24:21 #6 type] 
Type domain.Question is not enhanced.

[2021-10-01 00:24:21 #7 type.registry] 
New type domain.Pronostikoa

[2021-10-01 00:24:21 #8 type.registry] 
New type java.util.Vector<domain.Pronostikoa>

[2021-10-01 00:24:21 #9 type] 
Type domain.Pronostikoa is not enhanced.

[2021-10-01 00:24:21 #10 type.registry] 
New type domain.Apustua

[2021-10-01 00:24:21 #11 type.registry] 
New type java.util.Vector<domain.Apustua>

[2021-10-01 00:24:21 #12 type] 
Type domain.Apustua is not enhanced.

[2021-10-01 00:24:21 #13 type.registry] 
New type java.util.ArrayList<domain.Pronostikoa>

[2021-10-01 00:24:21 #14 type.registry] 
New type domain.Pertsona

[2021-10-01 00:24:21 #15 type.registry] 
New type domain.Bezeroa

[2021-10-01 00:24:21 #16 type] 
Type domain.Pertsona is not enhanced.

[2021-10-01 00:24:21 #17 type] 
Type domain.Bezeroa is not enhanced.

[2021-10-01 00:24:21 #18 type.registry] 
New type domain.ArretaElkarrizketa

[2021-10-01 00:24:21 #19 type.registry] 
New type java.util.Vector<domain.ArretaElkarrizketa>

[2021-10-01 00:24:21 #20 type.registry] 
New type domain.Errepikapena

[2021-10-01 00:24:21 #21 type.registry] 
New type java.util.Vector<domain.Errepikapena>

[2021-10-01 00:24:21 #22 type.registry] 
New type domain.Mezua

[2021-10-01 00:24:21 #23 type.registry] 
New type domain.BezeroartekoMezua

[2021-10-01 00:24:21 #24 type.registry] 
New type java.util.Vector<domain.BezeroartekoMezua>

[2021-10-01 00:24:21 #25 type.registry] 
New type domain.Mugimendua

[2021-10-01 00:24:21 #26 type.registry] 
New type java.util.Vector<domain.Mugimendua>

[2021-10-01 00:24:21 #27 type] 
Type domain.ArretaElkarrizketa is not enhanced.

[2021-10-01 00:24:21 #28 type.registry] 
New type domain.ArretaMezua

[2021-10-01 00:24:21 #29 type.registry] 
New type java.util.Vector<domain.ArretaMezua>

[2021-10-01 00:24:21 #30 type.registry] 
New type domain.Langilea

[2021-10-01 00:24:21 #31 type] 
Type domain.Errepikapena is not enhanced.

[2021-10-01 00:24:21 #32 type] 
Type domain.Mezua is not enhanced.

[2021-10-01 00:24:21 #33 type] 
Type domain.BezeroartekoMezua is not enhanced.

[2021-10-01 00:24:21 #34 type] 
Type domain.Mugimendua is not enhanced.

[2021-10-01 00:24:21 #35 type] 
Type domain.ArretaMezua is not enhanced.

[2021-10-01 00:24:21 #36 type] 
Type domain.Langilea is not enhanced.

[2021-10-01 00:24:21 #37 type.registry] 
New type int[]

------------------------------------------------------------------------------------------------------------------------

[2021-10-01 00:27:16 #1 store] 
Database '/Users/andreagarciaiche/Desktop/IS2/PROYECTO/Bets21Azkena/src/main/resources/bets.temp' is opened by 25667@pc-10-207.customer.ask4.lan

[2021-10-01 00:27:16 #2 type.registry] 
New type domain.Event

[2021-10-01 00:27:16 #3 type] 
Type domain.Event is not enhanced.

[2021-10-01 00:27:16 #4 type.registry] 
New type domain.Question

[2021-10-01 00:27:16 #5 type.registry] 
New type java.util.Vector<domain.Question>

[2021-10-01 00:27:16 #6 type] 
Type domain.Question is not enhanced.

[2021-10-01 00:27:16 #7 type.registry] 
New type domain.Pronostikoa

[2021-10-01 00:27:16 #8 type.registry] 
New type java.util.Vector<domain.Pronostikoa>

[2021-10-01 00:27:16 #9 type] 
Type domain.Pronostikoa is not enhanced.

[2021-10-01 00:27:16 #10 type.registry] 
New type domain.Apustua

[2021-10-01 00:27:16 #11 type.registry] 
New type java.util.Vector<domain.Apustua>

[2021-10-01 00:27:16 #12 type] 
Type domain.Apustua is not enhanced.

[2021-10-01 00:27:16 #13 type.registry] 
New type java.util.ArrayList<domain.Pronostikoa>

[2021-10-01 00:27:16 #14 type.registry] 
New type domain.Pertsona

[2021-10-01 00:27:16 #15 type.registry] 
New type domain.Bezeroa

[2021-10-01 00:27:16 #16 type] 
Type domain.Pertsona is not enhanced.

[2021-10-01 00:27:16 #17 type] 
Type domain.Bezeroa is not enhanced.

[2021-10-01 00:27:16 #18 type.registry] 
New type domain.ArretaElkarrizketa

[2021-10-01 00:27:16 #19 type.registry] 
New type java.util.Vector<domain.ArretaElkarrizketa>

[2021-10-01 00:27:16 #20 type.registry] 
New type domain.Errepikapena

[2021-10-01 00:27:16 #21 type.registry] 
New type java.util.Vector<domain.Errepikapena>

[2021-10-01 00:27:16 #22 type.registry] 
New type domain.Mezua

[2021-10-01 00:27:16 #23 type.registry] 
New type domain.BezeroartekoMezua

[2021-10-01 00:27:16 #24 type.registry] 
New type java.util.Vector<domain.BezeroartekoMezua>

[2021-10-01 00:27:16 #25 type.registry] 
New type domain.Mugimendua

[2021-10-01 00:27:16 #26 type.registry] 
New type java.util.Vector<domain.Mugimendua>

[2021-10-01 00:27:16 #27 type] 
Type domain.ArretaElkarrizketa is not enhanced.

[2021-10-01 00:27:16 #28 type.registry] 
New type domain.ArretaMezua

[2021-10-01 00:27:16 #29 type.registry] 
New type java.util.Vector<domain.ArretaMezua>

[2021-10-01 00:27:16 #30 type.registry] 
New type domain.Langilea

[2021-10-01 00:27:16 #31 type] 
Type domain.Errepikapena is not enhanced.

[2021-10-01 00:27:16 #32 type] 
Type domain.Mezua is not enhanced.

[2021-10-01 00:27:16 #33 type] 
Type domain.BezeroartekoMezua is not enhanced.

[2021-10-01 00:27:16 #34 type] 
Type domain.Mugimendua is not enhanced.

[2021-10-01 00:27:16 #35 type] 
Type domain.ArretaMezua is not enhanced.

[2021-10-01 00:27:16 #36 type] 
Type domain.Langilea is not enhanced.

[2021-10-01 00:27:16 #37 type.registry] 
New type int[]

------------------------------------------------------------------------------------------------------------------------

[2021-10-01 00:38:47 #1 store] 
Database '/Users/andreagarciaiche/Desktop/IS2/PROYECTO/Bets21Azkena/src/main/resources/bets.temp' is opened by 25903@pc-10-207.customer.ask4.lan

[2021-10-01 00:38:48 #2 type.registry] 
New type domain.Event

[2021-10-01 00:38:48 #3 type] 
Type domain.Event is not enhanced.

[2021-10-01 00:38:48 #4 type.registry] 
New type domain.Question

[2021-10-01 00:38:48 #5 type.registry] 
New type java.util.Vector<domain.Question>

[2021-10-01 00:38:48 #6 type] 
Type domain.Question is not enhanced.

[2021-10-01 00:38:48 #7 type.registry] 
New type domain.Pronostikoa

[2021-10-01 00:38:48 #8 type.registry] 
New type java.util.Vector<domain.Pronostikoa>

[2021-10-01 00:38:48 #9 type] 
Type domain.Pronostikoa is not enhanced.

[2021-10-01 00:38:48 #10 type.registry] 
New type domain.Apustua

[2021-10-01 00:38:48 #11 type.registry] 
New type java.util.Vector<domain.Apustua>

[2021-10-01 00:38:48 #12 type] 
Type domain.Apustua is not enhanced.

[2021-10-01 00:38:48 #13 type.registry] 
New type java.util.ArrayList<domain.Pronostikoa>

[2021-10-01 00:38:48 #14 type.registry] 
New type domain.Pertsona

[2021-10-01 00:38:48 #15 type.registry] 
New type domain.Bezeroa

[2021-10-01 00:38:48 #16 type] 
Type domain.Pertsona is not enhanced.

[2021-10-01 00:38:48 #17 type] 
Type domain.Bezeroa is not enhanced.

[2021-10-01 00:38:48 #18 type.registry] 
New type domain.ArretaElkarrizketa

[2021-10-01 00:38:48 #19 type.registry] 
New type java.util.Vector<domain.ArretaElkarrizketa>

[2021-10-01 00:38:48 #20 type.registry] 
New type domain.Errepikapena

[2021-10-01 00:38:48 #21 type.registry] 
New type java.util.Vector<domain.Errepikapena>

[2021-10-01 00:38:48 #22 type.registry] 
New type domain.Mezua

[2021-10-01 00:38:48 #23 type.registry] 
New type domain.BezeroartekoMezua

[2021-10-01 00:38:48 #24 type.registry] 
New type java.util.Vector<domain.BezeroartekoMezua>

[2021-10-01 00:38:48 #25 type.registry] 
New type domain.Mugimendua

[2021-10-01 00:38:48 #26 type.registry] 
New type java.util.Vector<domain.Mugimendua>

[2021-10-01 00:38:48 #27 type] 
Type domain.ArretaElkarrizketa is not enhanced.

[2021-10-01 00:38:48 #28 type.registry] 
New type domain.ArretaMezua

[2021-10-01 00:38:48 #29 type.registry] 
New type java.util.Vector<domain.ArretaMezua>

[2021-10-01 00:38:48 #30 type.registry] 
New type domain.Langilea

[2021-10-01 00:38:48 #31 type] 
Type domain.Errepikapena is not enhanced.

[2021-10-01 00:38:48 #32 type] 
Type domain.Mezua is not enhanced.

[2021-10-01 00:38:48 #33 type] 
Type domain.BezeroartekoMezua is not enhanced.

[2021-10-01 00:38:48 #34 type] 
Type domain.Mugimendua is not enhanced.

[2021-10-01 00:38:48 #35 type] 
Type domain.ArretaMezua is not enhanced.

[2021-10-01 00:38:48 #36 type] 
Type domain.Langilea is not enhanced.

[2021-10-01 00:38:48 #37 type.registry] 
New type int[]

------------------------------------------------------------------------------------------------------------------------

[2021-10-01 00:40:17 #1 store] 
Database '/Users/andreagarciaiche/Desktop/IS2/PROYECTO/Bets21Azkena/src/main/resources/bets.temp' is opened by 25935@pc-10-207.customer.ask4.lan

[2021-10-01 00:40:18 #2 type.registry] 
New type domain.Event

[2021-10-01 00:40:18 #3 type] 
Type domain.Event is not enhanced.

[2021-10-01 00:40:18 #4 type.registry] 
New type domain.Question

[2021-10-01 00:40:18 #5 type.registry] 
New type java.util.Vector<domain.Question>

[2021-10-01 00:40:18 #6 type] 
Type domain.Question is not enhanced.

[2021-10-01 00:40:18 #7 type.registry] 
New type domain.Pronostikoa

[2021-10-01 00:40:18 #8 type.registry] 
New type java.util.Vector<domain.Pronostikoa>

[2021-10-01 00:40:18 #9 type] 
Type domain.Pronostikoa is not enhanced.

[2021-10-01 00:40:18 #10 type.registry] 
New type domain.Apustua

[2021-10-01 00:40:18 #11 type.registry] 
New type java.util.Vector<domain.Apustua>

[2021-10-01 00:40:18 #12 type] 
Type domain.Apustua is not enhanced.

[2021-10-01 00:40:18 #13 type.registry] 
New type java.util.ArrayList<domain.Pronostikoa>

[2021-10-01 00:40:18 #14 type.registry] 
New type domain.Pertsona

[2021-10-01 00:40:18 #15 type.registry] 
New type domain.Bezeroa

[2021-10-01 00:40:18 #16 type] 
Type domain.Pertsona is not enhanced.

[2021-10-01 00:40:18 #17 type] 
Type domain.Bezeroa is not enhanced.

[2021-10-01 00:40:18 #18 type.registry] 
New type domain.ArretaElkarrizketa

[2021-10-01 00:40:18 #19 type.registry] 
New type java.util.Vector<domain.ArretaElkarrizketa>

[2021-10-01 00:40:18 #20 type.registry] 
New type domain.Errepikapena

[2021-10-01 00:40:18 #21 type.registry] 
New type java.util.Vector<domain.Errepikapena>

[2021-10-01 00:40:18 #22 type.registry] 
New type domain.Mezua

[2021-10-01 00:40:18 #23 type.registry] 
New type domain.BezeroartekoMezua

[2021-10-01 00:40:18 #24 type.registry] 
New type java.util.Vector<domain.BezeroartekoMezua>

[2021-10-01 00:40:18 #25 type.registry] 
New type domain.Mugimendua

[2021-10-01 00:40:18 #26 type.registry] 
New type java.util.Vector<domain.Mugimendua>

[2021-10-01 00:40:18 #27 type] 
Type domain.ArretaElkarrizketa is not enhanced.

[2021-10-01 00:40:18 #28 type.registry] 
New type domain.ArretaMezua

[2021-10-01 00:40:18 #29 type.registry] 
New type java.util.Vector<domain.ArretaMezua>

[2021-10-01 00:40:18 #30 type.registry] 
New type domain.Langilea

[2021-10-01 00:40:18 #31 type] 
Type domain.Errepikapena is not enhanced.

[2021-10-01 00:40:18 #32 type] 
Type domain.Mezua is not enhanced.

[2021-10-01 00:40:18 #33 type] 
Type domain.BezeroartekoMezua is not enhanced.

[2021-10-01 00:40:18 #34 type] 
Type domain.Mugimendua is not enhanced.

[2021-10-01 00:40:18 #35 type] 
Type domain.ArretaMezua is not enhanced.

[2021-10-01 00:40:18 #36 type] 
Type domain.Langilea is not enhanced.

[2021-10-01 00:40:18 #37 type.registry] 
New type int[]

------------------------------------------------------------------------------------------------------------------------

[2021-10-01 00:48:27 #1 store] 
Database '/Users/andreagarciaiche/Desktop/IS2/PROYECTO/Bets21Azkena/src/main/resources/bets.temp' is opened by 26091@pc-10-207.customer.ask4.lan

------------------------------------------------------------------------------------------------------------------------

[2021-10-01 00:48:48 #1 store] 
Database '/Users/andreagarciaiche/Desktop/IS2/PROYECTO/Bets21Azkena/src/main/resources/bets.temp' is opened by 26100@pc-10-207.customer.ask4.lan

[2021-10-01 00:48:48 #2 type.registry] 
New type domain.Event

[2021-10-01 00:48:48 #3 type] 
Type domain.Event is not enhanced.

[2021-10-01 00:48:48 #4 type.registry] 
New type domain.Question

[2021-10-01 00:48:48 #5 type.registry] 
New type java.util.Vector<domain.Question>

[2021-10-01 00:48:48 #6 type] 
Type domain.Question is not enhanced.

[2021-10-01 00:48:48 #7 type.registry] 
New type domain.Pronostikoa

[2021-10-01 00:48:48 #8 type.registry] 
New type java.util.Vector<domain.Pronostikoa>

[2021-10-01 00:48:48 #9 type] 
Type domain.Pronostikoa is not enhanced.

[2021-10-01 00:48:48 #10 type.registry] 
New type domain.Apustua

[2021-10-01 00:48:48 #11 type.registry] 
New type java.util.Vector<domain.Apustua>

[2021-10-01 00:48:48 #12 type] 
Type domain.Apustua is not enhanced.

[2021-10-01 00:48:48 #13 type.registry] 
New type java.util.ArrayList<domain.Pronostikoa>

[2021-10-01 00:48:48 #14 type.registry] 
New type domain.Pertsona

[2021-10-01 00:48:48 #15 type.registry] 
New type domain.Bezeroa

[2021-10-01 00:48:48 #16 type] 
Type domain.Pertsona is not enhanced.

[2021-10-01 00:48:48 #17 type] 
Type domain.Bezeroa is not enhanced.

[2021-10-01 00:48:48 #18 type.registry] 
New type domain.ArretaElkarrizketa

[2021-10-01 00:48:48 #19 type.registry] 
New type java.util.Vector<domain.ArretaElkarrizketa>

[2021-10-01 00:48:48 #20 type.registry] 
New type domain.Errepikapena

[2021-10-01 00:48:48 #21 type.registry] 
New type java.util.Vector<domain.Errepikapena>

[2021-10-01 00:48:48 #22 type.registry] 
New type domain.Mezua

[2021-10-01 00:48:48 #23 type.registry] 
New type domain.BezeroartekoMezua

[2021-10-01 00:48:48 #24 type.registry] 
New type java.util.Vector<domain.BezeroartekoMezua>

[2021-10-01 00:48:48 #25 type.registry] 
New type domain.Mugimendua

[2021-10-01 00:48:48 #26 type.registry] 
New type java.util.Vector<domain.Mugimendua>

[2021-10-01 00:48:48 #27 type] 
Type domain.ArretaElkarrizketa is not enhanced.

[2021-10-01 00:48:48 #28 type.registry] 
New type domain.ArretaMezua

[2021-10-01 00:48:48 #29 type.registry] 
New type java.util.Vector<domain.ArretaMezua>

[2021-10-01 00:48:48 #30 type.registry] 
New type domain.Langilea

[2021-10-01 00:48:48 #31 type] 
Type domain.Errepikapena is not enhanced.

[2021-10-01 00:48:48 #32 type] 
Type domain.Mezua is not enhanced.

[2021-10-01 00:48:48 #33 type] 
Type domain.BezeroartekoMezua is not enhanced.

[2021-10-01 00:48:48 #34 type] 
Type domain.Mugimendua is not enhanced.

[2021-10-01 00:48:48 #35 type] 
Type domain.ArretaMezua is not enhanced.

[2021-10-01 00:48:48 #36 type] 
Type domain.Langilea is not enhanced.

[2021-10-01 00:48:48 #37 type.registry] 
New type int[]

------------------------------------------------------------------------------------------------------------------------

[2021-10-01 00:49:30 #1 store] 
Database '/Users/andreagarciaiche/Desktop/IS2/PROYECTO/Bets21Azkena/src/main/resources/bets.temp' is opened by 26116@pc-10-207.customer.ask4.lan

[2021-10-01 00:49:30 #2 type.registry] 
New type domain.Event

[2021-10-01 00:49:30 #3 type] 
Type domain.Event is not enhanced.

[2021-10-01 00:49:30 #4 type.registry] 
New type domain.Question

[2021-10-01 00:49:30 #5 type.registry] 
New type java.util.Vector<domain.Question>

[2021-10-01 00:49:30 #6 type] 
Type domain.Question is not enhanced.

[2021-10-01 00:49:30 #7 type.registry] 
New type domain.Pronostikoa

[2021-10-01 00:49:30 #8 type.registry] 
New type java.util.Vector<domain.Pronostikoa>

[2021-10-01 00:49:30 #9 type] 
Type domain.Pronostikoa is not enhanced.

[2021-10-01 00:49:30 #10 type.registry] 
New type domain.Apustua

[2021-10-01 00:49:30 #11 type.registry] 
New type java.util.Vector<domain.Apustua>

[2021-10-01 00:49:30 #12 type] 
Type domain.Apustua is not enhanced.

[2021-10-01 00:49:30 #13 type.registry] 
New type java.util.ArrayList<domain.Pronostikoa>

[2021-10-01 00:49:30 #14 type.registry] 
New type domain.Pertsona

[2021-10-01 00:49:30 #15 type.registry] 
New type domain.Bezeroa

[2021-10-01 00:49:30 #16 type] 
Type domain.Pertsona is not enhanced.

[2021-10-01 00:49:30 #17 type] 
Type domain.Bezeroa is not enhanced.

[2021-10-01 00:49:30 #18 type.registry] 
New type domain.ArretaElkarrizketa

[2021-10-01 00:49:30 #19 type.registry] 
New type java.util.Vector<domain.ArretaElkarrizketa>

[2021-10-01 00:49:30 #20 type.registry] 
New type domain.Errepikapena

[2021-10-01 00:49:30 #21 type.registry] 
New type java.util.Vector<domain.Errepikapena>

[2021-10-01 00:49:30 #22 type.registry] 
New type domain.Mezua

[2021-10-01 00:49:30 #23 type.registry] 
New type domain.BezeroartekoMezua

[2021-10-01 00:49:30 #24 type.registry] 
New type java.util.Vector<domain.BezeroartekoMezua>

[2021-10-01 00:49:30 #25 type.registry] 
New type domain.Mugimendua

[2021-10-01 00:49:30 #26 type.registry] 
New type java.util.Vector<domain.Mugimendua>

[2021-10-01 00:49:30 #27 type] 
Type domain.ArretaElkarrizketa is not enhanced.

[2021-10-01 00:49:30 #28 type.registry] 
New type domain.ArretaMezua

[2021-10-01 00:49:30 #29 type.registry] 
New type java.util.Vector<domain.ArretaMezua>

[2021-10-01 00:49:30 #30 type.registry] 
New type domain.Langilea

[2021-10-01 00:49:30 #31 type] 
Type domain.Errepikapena is not enhanced.

[2021-10-01 00:49:30 #32 type] 
Type domain.Mezua is not enhanced.

[2021-10-01 00:49:30 #33 type] 
Type domain.BezeroartekoMezua is not enhanced.

[2021-10-01 00:49:30 #34 type] 
Type domain.Mugimendua is not enhanced.

[2021-10-01 00:49:30 #35 type] 
Type domain.ArretaMezua is not enhanced.

[2021-10-01 00:49:30 #36 type] 
Type domain.Langilea is not enhanced.

[2021-10-01 00:49:30 #37 type.registry] 
New type int[]

------------------------------------------------------------------------------------------------------------------------

[2021-10-01 00:50:23 #1 store] 
Database '/Users/andreagarciaiche/Desktop/IS2/PROYECTO/Bets21Azkena/src/main/resources/bets.temp' is opened by 26138@pc-10-207.customer.ask4.lan

[2021-10-01 00:50:24 #2 type.registry] 
New type domain.Event

[2021-10-01 00:50:24 #3 type] 
Type domain.Event is not enhanced.

[2021-10-01 00:50:24 #4 type.registry] 
New type domain.Question

[2021-10-01 00:50:24 #5 type.registry] 
New type java.util.Vector<domain.Question>

[2021-10-01 00:50:24 #6 type] 
Type domain.Question is not enhanced.

[2021-10-01 00:50:24 #7 type.registry] 
New type domain.Pronostikoa

[2021-10-01 00:50:24 #8 type.registry] 
New type java.util.Vector<domain.Pronostikoa>

[2021-10-01 00:50:24 #9 type] 
Type domain.Pronostikoa is not enhanced.

[2021-10-01 00:50:24 #10 type.registry] 
New type domain.Apustua

[2021-10-01 00:50:24 #11 type.registry] 
New type java.util.Vector<domain.Apustua>

[2021-10-01 00:50:24 #12 type] 
Type domain.Apustua is not enhanced.

[2021-10-01 00:50:24 #13 type.registry] 
New type java.util.ArrayList<domain.Pronostikoa>

[2021-10-01 00:50:24 #14 type.registry] 
New type domain.Pertsona

[2021-10-01 00:50:24 #15 type.registry] 
New type domain.Bezeroa

[2021-10-01 00:50:24 #16 type] 
Type domain.Pertsona is not enhanced.

[2021-10-01 00:50:24 #17 type] 
Type domain.Bezeroa is not enhanced.

[2021-10-01 00:50:24 #18 type.registry] 
New type domain.ArretaElkarrizketa

[2021-10-01 00:50:24 #19 type.registry] 
New type java.util.Vector<domain.ArretaElkarrizketa>

[2021-10-01 00:50:24 #20 type.registry] 
New type domain.Errepikapena

[2021-10-01 00:50:24 #21 type.registry] 
New type java.util.Vector<domain.Errepikapena>

[2021-10-01 00:50:24 #22 type.registry] 
New type domain.Mezua

[2021-10-01 00:50:24 #23 type.registry] 
New type domain.BezeroartekoMezua

[2021-10-01 00:50:24 #24 type.registry] 
New type java.util.Vector<domain.BezeroartekoMezua>

[2021-10-01 00:50:24 #25 type.registry] 
New type domain.Mugimendua

[2021-10-01 00:50:24 #26 type.registry] 
New type java.util.Vector<domain.Mugimendua>

[2021-10-01 00:50:24 #27 type] 
Type domain.ArretaElkarrizketa is not enhanced.

[2021-10-01 00:50:24 #28 type.registry] 
New type domain.ArretaMezua

[2021-10-01 00:50:24 #29 type.registry] 
New type java.util.Vector<domain.ArretaMezua>

[2021-10-01 00:50:24 #30 type.registry] 
New type domain.Langilea

[2021-10-01 00:50:24 #31 type] 
Type domain.Errepikapena is not enhanced.

[2021-10-01 00:50:24 #32 type] 
Type domain.Mezua is not enhanced.

[2021-10-01 00:50:24 #33 type] 
Type domain.BezeroartekoMezua is not enhanced.

[2021-10-01 00:50:24 #34 type] 
Type domain.Mugimendua is not enhanced.

[2021-10-01 00:50:24 #35 type] 
Type domain.ArretaMezua is not enhanced.

[2021-10-01 00:50:24 #36 type] 
Type domain.Langilea is not enhanced.

[2021-10-01 00:50:24 #37 type.registry] 
New type int[]

------------------------------------------------------------------------------------------------------------------------

[2021-10-01 00:51:34 #1 store] 
Database '/Users/andreagarciaiche/Desktop/IS2/PROYECTO/Bets21Azkena/src/main/resources/bets.temp' is opened by 26185@pc-10-207.customer.ask4.lan

[2021-10-01 00:51:34 #2 type.registry] 
New type domain.Event

[2021-10-01 00:51:34 #3 type] 
Type domain.Event is not enhanced.

[2021-10-01 00:51:34 #4 type.registry] 
New type domain.Question

[2021-10-01 00:51:34 #5 type.registry] 
New type java.util.Vector<domain.Question>

[2021-10-01 00:51:34 #6 type] 
Type domain.Question is not enhanced.

[2021-10-01 00:51:34 #7 type.registry] 
New type domain.Pronostikoa

[2021-10-01 00:51:34 #8 type.registry] 
New type java.util.Vector<domain.Pronostikoa>

[2021-10-01 00:51:34 #9 type] 
Type domain.Pronostikoa is not enhanced.

[2021-10-01 00:51:34 #10 type.registry] 
New type domain.Apustua

[2021-10-01 00:51:34 #11 type.registry] 
New type java.util.Vector<domain.Apustua>

[2021-10-01 00:51:34 #12 type] 
Type domain.Apustua is not enhanced.

[2021-10-01 00:51:34 #13 type.registry] 
New type java.util.ArrayList<domain.Pronostikoa>

[2021-10-01 00:51:34 #14 type.registry] 
New type domain.Pertsona

[2021-10-01 00:51:34 #15 type.registry] 
New type domain.Bezeroa

[2021-10-01 00:51:34 #16 type] 
Type domain.Pertsona is not enhanced.

[2021-10-01 00:51:34 #17 type] 
Type domain.Bezeroa is not enhanced.

[2021-10-01 00:51:34 #18 type.registry] 
New type domain.ArretaElkarrizketa

[2021-10-01 00:51:34 #19 type.registry] 
New type java.util.Vector<domain.ArretaElkarrizketa>

[2021-10-01 00:51:34 #20 type.registry] 
New type domain.Errepikapena

[2021-10-01 00:51:34 #21 type.registry] 
New type java.util.Vector<domain.Errepikapena>

[2021-10-01 00:51:34 #22 type.registry] 
New type domain.Mezua

[2021-10-01 00:51:34 #23 type.registry] 
New type domain.BezeroartekoMezua

[2021-10-01 00:51:34 #24 type.registry] 
New type java.util.Vector<domain.BezeroartekoMezua>

[2021-10-01 00:51:34 #25 type.registry] 
New type domain.Mugimendua

[2021-10-01 00:51:34 #26 type.registry] 
New type java.util.Vector<domain.Mugimendua>

[2021-10-01 00:51:34 #27 type] 
Type domain.ArretaElkarrizketa is not enhanced.

[2021-10-01 00:51:34 #28 type.registry] 
New type domain.ArretaMezua

[2021-10-01 00:51:34 #29 type.registry] 
New type java.util.Vector<domain.ArretaMezua>

[2021-10-01 00:51:34 #30 type.registry] 
New type domain.Langilea

[2021-10-01 00:51:34 #31 type] 
Type domain.Errepikapena is not enhanced.

[2021-10-01 00:51:34 #32 type] 
Type domain.Mezua is not enhanced.

[2021-10-01 00:51:34 #33 type] 
Type domain.BezeroartekoMezua is not enhanced.

[2021-10-01 00:51:34 #34 type] 
Type domain.Mugimendua is not enhanced.

[2021-10-01 00:51:34 #35 type] 
Type domain.ArretaMezua is not enhanced.

[2021-10-01 00:51:34 #36 type] 
Type domain.Langilea is not enhanced.

[2021-10-01 00:51:34 #37 type.registry] 
New type int[]

------------------------------------------------------------------------------------------------------------------------

[2021-10-01 00:54:17 #1 store] 
Database '/Users/andreagarciaiche/Desktop/IS2/PROYECTO/Bets21Azkena/src/main/resources/bets.temp' is opened by 26253@pc-10-207.customer.ask4.lan

[2021-10-01 00:54:17 #2 type.registry] 
New type domain.Event

[2021-10-01 00:54:17 #3 type] 
Type domain.Event is not enhanced.

[2021-10-01 00:54:17 #4 type.registry] 
New type domain.Question

[2021-10-01 00:54:17 #5 type.registry] 
New type java.util.Vector<domain.Question>

[2021-10-01 00:54:17 #6 type] 
Type domain.Question is not enhanced.

[2021-10-01 00:54:17 #7 type.registry] 
New type domain.Pronostikoa

[2021-10-01 00:54:17 #8 type.registry] 
New type java.util.Vector<domain.Pronostikoa>

[2021-10-01 00:54:17 #9 type] 
Type domain.Pronostikoa is not enhanced.

[2021-10-01 00:54:17 #10 type.registry] 
New type domain.Apustua

[2021-10-01 00:54:17 #11 type.registry] 
New type java.util.Vector<domain.Apustua>

[2021-10-01 00:54:17 #12 type] 
Type domain.Apustua is not enhanced.

[2021-10-01 00:54:17 #13 type.registry] 
New type java.util.ArrayList<domain.Pronostikoa>

[2021-10-01 00:54:17 #14 type.registry] 
New type domain.Pertsona

[2021-10-01 00:54:17 #15 type.registry] 
New type domain.Bezeroa

[2021-10-01 00:54:17 #16 type] 
Type domain.Pertsona is not enhanced.

[2021-10-01 00:54:17 #17 type] 
Type domain.Bezeroa is not enhanced.

[2021-10-01 00:54:17 #18 type.registry] 
New type domain.ArretaElkarrizketa

[2021-10-01 00:54:17 #19 type.registry] 
New type java.util.Vector<domain.ArretaElkarrizketa>

[2021-10-01 00:54:17 #20 type.registry] 
New type domain.Errepikapena

[2021-10-01 00:54:17 #21 type.registry] 
New type java.util.Vector<domain.Errepikapena>

[2021-10-01 00:54:17 #22 type.registry] 
New type domain.Mezua

[2021-10-01 00:54:17 #23 type.registry] 
New type domain.BezeroartekoMezua

[2021-10-01 00:54:17 #24 type.registry] 
New type java.util.Vector<domain.BezeroartekoMezua>

[2021-10-01 00:54:17 #25 type.registry] 
New type domain.Mugimendua

[2021-10-01 00:54:17 #26 type.registry] 
New type java.util.Vector<domain.Mugimendua>

[2021-10-01 00:54:17 #27 type] 
Type domain.ArretaElkarrizketa is not enhanced.

[2021-10-01 00:54:17 #28 type.registry] 
New type domain.ArretaMezua

[2021-10-01 00:54:17 #29 type.registry] 
New type java.util.Vector<domain.ArretaMezua>

[2021-10-01 00:54:17 #30 type.registry] 
New type domain.Langilea

[2021-10-01 00:54:17 #31 type] 
Type domain.Errepikapena is not enhanced.

[2021-10-01 00:54:17 #32 type] 
Type domain.Mezua is not enhanced.

[2021-10-01 00:54:17 #33 type] 
Type domain.BezeroartekoMezua is not enhanced.

[2021-10-01 00:54:17 #34 type] 
Type domain.Mugimendua is not enhanced.

[2021-10-01 00:54:17 #35 type] 
Type domain.ArretaMezua is not enhanced.

[2021-10-01 00:54:17 #36 type] 
Type domain.Langilea is not enhanced.

[2021-10-01 00:54:17 #37 type.registry] 
New type int[]

------------------------------------------------------------------------------------------------------------------------

[2021-10-01 00:55:24 #1 store] 
Database '/Users/andreagarciaiche/Desktop/IS2/PROYECTO/Bets21Azkena/src/main/resources/bets.temp' is opened by 26278@pc-10-207.customer.ask4.lan

[2021-10-01 00:55:24 #2 type.registry] 
New type domain.Event

[2021-10-01 00:55:24 #3 type] 
Type domain.Event is not enhanced.

[2021-10-01 00:55:24 #4 type.registry] 
New type domain.Question

[2021-10-01 00:55:25 #5 type.registry] 
New type java.util.Vector<domain.Question>

[2021-10-01 00:55:25 #6 type] 
Type domain.Question is not enhanced.

[2021-10-01 00:55:25 #7 type.registry] 
New type domain.Pronostikoa

[2021-10-01 00:55:25 #8 type.registry] 
New type java.util.Vector<domain.Pronostikoa>

[2021-10-01 00:55:25 #9 type] 
Type domain.Pronostikoa is not enhanced.

[2021-10-01 00:55:25 #10 type.registry] 
New type domain.Apustua

[2021-10-01 00:55:25 #11 type.registry] 
New type java.util.Vector<domain.Apustua>

[2021-10-01 00:55:25 #12 type] 
Type domain.Apustua is not enhanced.

[2021-10-01 00:55:25 #13 type.registry] 
New type java.util.ArrayList<domain.Pronostikoa>

[2021-10-01 00:55:25 #14 type.registry] 
New type domain.Pertsona

[2021-10-01 00:55:25 #15 type.registry] 
New type domain.Bezeroa

[2021-10-01 00:55:25 #16 type] 
Type domain.Pertsona is not enhanced.

[2021-10-01 00:55:25 #17 type] 
Type domain.Bezeroa is not enhanced.

[2021-10-01 00:55:25 #18 type.registry] 
New type domain.ArretaElkarrizketa

[2021-10-01 00:55:25 #19 type.registry] 
New type java.util.Vector<domain.ArretaElkarrizketa>

[2021-10-01 00:55:25 #20 type.registry] 
New type domain.Errepikapena

[2021-10-01 00:55:25 #21 type.registry] 
New type java.util.Vector<domain.Errepikapena>

[2021-10-01 00:55:25 #22 type.registry] 
New type domain.Mezua

[2021-10-01 00:55:25 #23 type.registry] 
New type domain.BezeroartekoMezua

[2021-10-01 00:55:25 #24 type.registry] 
New type java.util.Vector<domain.BezeroartekoMezua>

[2021-10-01 00:55:25 #25 type.registry] 
New type domain.Mugimendua

[2021-10-01 00:55:25 #26 type.registry] 
New type java.util.Vector<domain.Mugimendua>

[2021-10-01 00:55:25 #27 type] 
Type domain.ArretaElkarrizketa is not enhanced.

[2021-10-01 00:55:25 #28 type.registry] 
New type domain.ArretaMezua

[2021-10-01 00:55:25 #29 type.registry] 
New type java.util.Vector<domain.ArretaMezua>

[2021-10-01 00:55:25 #30 type.registry] 
New type domain.Langilea

[2021-10-01 00:55:25 #31 type] 
Type domain.Errepikapena is not enhanced.

[2021-10-01 00:55:25 #32 type] 
Type domain.Mezua is not enhanced.

[2021-10-01 00:55:25 #33 type] 
Type domain.BezeroartekoMezua is not enhanced.

[2021-10-01 00:55:25 #34 type] 
Type domain.Mugimendua is not enhanced.

[2021-10-01 00:55:25 #35 type] 
Type domain.ArretaMezua is not enhanced.

[2021-10-01 00:55:25 #36 type] 
Type domain.Langilea is not enhanced.

[2021-10-01 00:55:25 #37 type.registry] 
New type int[]

[2021-10-01 00:55:25 #38 type.registry] 
New type domain.Event

[2021-10-01 00:55:25 #39 type.registry] 
New type domain.Question

[2021-10-01 00:55:25 #40 type.registry] 
New type java.util.Vector<domain.Question>

[2021-10-01 00:55:25 #41 type.registry] 
New type domain.Pronostikoa

[2021-10-01 00:55:25 #42 type.registry] 
New type java.util.Vector<domain.Pronostikoa>

[2021-10-01 00:55:25 #43 type.registry] 
New type domain.Apustua

[2021-10-01 00:55:25 #44 type.registry] 
New type java.util.Vector<domain.Apustua>

[2021-10-01 00:55:25 #45 type.registry] 
New type java.util.ArrayList<domain.Pronostikoa>

[2021-10-01 00:55:25 #46 type.registry] 
New type domain.Pertsona

[2021-10-01 00:55:25 #47 type.registry] 
New type domain.Bezeroa

[2021-10-01 00:55:25 #48 type.registry] 
New type domain.ArretaElkarrizketa

[2021-10-01 00:55:25 #49 type.registry] 
New type java.util.Vector<domain.ArretaElkarrizketa>

[2021-10-01 00:55:25 #50 type.registry] 
New type domain.Errepikapena

[2021-10-01 00:55:25 #51 type.registry] 
New type java.util.Vector<domain.Errepikapena>

[2021-10-01 00:55:25 #52 type.registry] 
New type domain.Mezua

[2021-10-01 00:55:25 #53 type.registry] 
New type domain.BezeroartekoMezua

[2021-10-01 00:55:25 #54 type.registry] 
New type java.util.Vector<domain.BezeroartekoMezua>

[2021-10-01 00:55:25 #55 type.registry] 
New type domain.Mugimendua

[2021-10-01 00:55:25 #56 type.registry] 
New type java.util.Vector<domain.Mugimendua>

[2021-10-01 00:55:25 #57 type.registry] 
New type domain.ArretaMezua

[2021-10-01 00:55:25 #58 type.registry] 
New type java.util.Vector<domain.ArretaMezua>

[2021-10-01 00:55:25 #59 type.registry] 
New type domain.Langilea

[2021-10-01 00:55:25 #60 type.registry] 
New type int[]

------------------------------------------------------------------------------------------------------------------------

[2021-10-01 09:19:00 #1 store] 
Database '/Users/andreagarciaiche/Desktop/IS2/PROYECTO/Bets21Azkena/src/main/resources/bets.temp' is opened by 29035@MacBook-Pro-de-Andrea.local

------------------------------------------------------------------------------------------------------------------------

[2021-10-01 09:19:35 #1 store] 
Database '/Users/andreagarciaiche/Desktop/IS2/PROYECTO/Bets21Azkena/src/main/resources/bets.temp' is opened by 29047@MacBook-Pro-de-Andrea.local

[2021-10-01 09:19:35 #2 type.registry] 
New type domain.Event

[2021-10-01 09:19:35 #3 type] 
Type domain.Event is not enhanced.

[2021-10-01 09:19:35 #4 type.registry] 
New type domain.Question

[2021-10-01 09:19:35 #5 type.registry] 
New type java.util.Vector<domain.Question>

[2021-10-01 09:19:35 #6 type] 
Type domain.Question is not enhanced.

[2021-10-01 09:19:35 #7 type.registry] 
New type domain.Pronostikoa

[2021-10-01 09:19:35 #8 type.registry] 
New type java.util.Vector<domain.Pronostikoa>

[2021-10-01 09:19:35 #9 type] 
Type domain.Pronostikoa is not enhanced.

[2021-10-01 09:19:35 #10 type.registry] 
New type domain.Apustua

[2021-10-01 09:19:35 #11 type.registry] 
New type java.util.Vector<domain.Apustua>

[2021-10-01 09:19:35 #12 type] 
Type domain.Apustua is not enhanced.

[2021-10-01 09:19:35 #13 type.registry] 
New type java.util.ArrayList<domain.Pronostikoa>

[2021-10-01 09:19:35 #14 type.registry] 
New type domain.Pertsona

[2021-10-01 09:19:35 #15 type.registry] 
New type domain.Bezeroa

[2021-10-01 09:19:35 #16 type] 
Type domain.Pertsona is not enhanced.

[2021-10-01 09:19:35 #17 type] 
Type domain.Bezeroa is not enhanced.

[2021-10-01 09:19:35 #18 type.registry] 
New type domain.ArretaElkarrizketa

[2021-10-01 09:19:35 #19 type.registry] 
New type java.util.Vector<domain.ArretaElkarrizketa>

[2021-10-01 09:19:35 #20 type.registry] 
New type domain.Errepikapena

[2021-10-01 09:19:35 #21 type.registry] 
New type java.util.Vector<domain.Errepikapena>

[2021-10-01 09:19:35 #22 type.registry] 
New type domain.Mezua

[2021-10-01 09:19:35 #23 type.registry] 
New type domain.BezeroartekoMezua

[2021-10-01 09:19:35 #24 type.registry] 
New type java.util.Vector<domain.BezeroartekoMezua>

[2021-10-01 09:19:35 #25 type.registry] 
New type domain.Mugimendua

[2021-10-01 09:19:35 #26 type.registry] 
New type java.util.Vector<domain.Mugimendua>

[2021-10-01 09:19:35 #27 type] 
Type domain.ArretaElkarrizketa is not enhanced.

[2021-10-01 09:19:35 #28 type.registry] 
New type domain.ArretaMezua

[2021-10-01 09:19:35 #29 type.registry] 
New type java.util.Vector<domain.ArretaMezua>

[2021-10-01 09:19:35 #30 type.registry] 
New type domain.Langilea

[2021-10-01 09:19:35 #31 type] 
Type domain.Errepikapena is not enhanced.

[2021-10-01 09:19:35 #32 type] 
Type domain.Mezua is not enhanced.

[2021-10-01 09:19:35 #33 type] 
Type domain.BezeroartekoMezua is not enhanced.

[2021-10-01 09:19:35 #34 type] 
Type domain.Mugimendua is not enhanced.

[2021-10-01 09:19:35 #35 type] 
Type domain.ArretaMezua is not enhanced.

[2021-10-01 09:19:35 #36 type] 
Type domain.Langilea is not enhanced.

[2021-10-01 09:19:35 #37 type.registry] 
New type int[]

------------------------------------------------------------------------------------------------------------------------

[2021-10-01 09:21:24 #1 store] 
Database '/Users/andreagarciaiche/Desktop/IS2/PROYECTO/Bets21Azkena/src/main/resources/bets.temp' is opened by 29083@MacBook-Pro-de-Andrea.local

[2021-10-01 09:21:24 #2 type.registry] 
New type domain.Event

[2021-10-01 09:21:24 #3 type] 
Type domain.Event is not enhanced.

[2021-10-01 09:21:24 #4 type.registry] 
New type domain.Question

[2021-10-01 09:21:24 #5 type.registry] 
New type java.util.Vector<domain.Question>

[2021-10-01 09:21:24 #6 type] 
Type domain.Question is not enhanced.

[2021-10-01 09:21:24 #7 type.registry] 
New type domain.Pronostikoa

[2021-10-01 09:21:24 #8 type.registry] 
New type java.util.Vector<domain.Pronostikoa>

[2021-10-01 09:21:24 #9 type] 
Type domain.Pronostikoa is not enhanced.

[2021-10-01 09:21:24 #10 type.registry] 
New type domain.Apustua

[2021-10-01 09:21:24 #11 type.registry] 
New type java.util.Vector<domain.Apustua>

[2021-10-01 09:21:24 #12 type] 
Type domain.Apustua is not enhanced.

[2021-10-01 09:21:24 #13 type.registry] 
New type java.util.ArrayList<domain.Pronostikoa>

[2021-10-01 09:21:24 #14 type.registry] 
New type domain.Pertsona

[2021-10-01 09:21:24 #15 type.registry] 
New type domain.Bezeroa

[2021-10-01 09:21:24 #16 type] 
Type domain.Pertsona is not enhanced.

[2021-10-01 09:21:24 #17 type] 
Type domain.Bezeroa is not enhanced.

[2021-10-01 09:21:24 #18 type.registry] 
New type domain.ArretaElkarrizketa

[2021-10-01 09:21:24 #19 type.registry] 
New type java.util.Vector<domain.ArretaElkarrizketa>

[2021-10-01 09:21:24 #20 type.registry] 
New type domain.Errepikapena

[2021-10-01 09:21:24 #21 type.registry] 
New type java.util.Vector<domain.Errepikapena>

[2021-10-01 09:21:24 #22 type.registry] 
New type domain.Mezua

[2021-10-01 09:21:24 #23 type.registry] 
New type domain.BezeroartekoMezua

[2021-10-01 09:21:24 #24 type.registry] 
New type java.util.Vector<domain.BezeroartekoMezua>

[2021-10-01 09:21:24 #25 type.registry] 
New type domain.Mugimendua

[2021-10-01 09:21:24 #26 type.registry] 
New type java.util.Vector<domain.Mugimendua>

[2021-10-01 09:21:24 #27 type] 
Type domain.ArretaElkarrizketa is not enhanced.

[2021-10-01 09:21:24 #28 type.registry] 
New type domain.ArretaMezua

[2021-10-01 09:21:24 #29 type.registry] 
New type java.util.Vector<domain.ArretaMezua>

[2021-10-01 09:21:24 #30 type.registry] 
New type domain.Langilea

[2021-10-01 09:21:24 #31 type] 
Type domain.Errepikapena is not enhanced.

[2021-10-01 09:21:24 #32 type] 
Type domain.Mezua is not enhanced.

[2021-10-01 09:21:24 #33 type] 
Type domain.BezeroartekoMezua is not enhanced.

[2021-10-01 09:21:24 #34 type] 
Type domain.Mugimendua is not enhanced.

[2021-10-01 09:21:24 #35 type] 
Type domain.ArretaMezua is not enhanced.

[2021-10-01 09:21:24 #36 type] 
Type domain.Langilea is not enhanced.

[2021-10-01 09:21:24 #37 type.registry] 
New type int[]

------------------------------------------------------------------------------------------------------------------------

[2021-10-01 09:22:38 #1 store] 
Database '/Users/andreagarciaiche/Desktop/IS2/PROYECTO/Bets21Azkena/src/main/resources/bets.temp' is opened by 29114@MacBook-Pro-de-Andrea.local

[2021-10-01 09:22:38 #2 type.registry] 
New type domain.Event

[2021-10-01 09:22:38 #3 type] 
Type domain.Event is not enhanced.

[2021-10-01 09:22:38 #4 type.registry] 
New type domain.Question

[2021-10-01 09:22:38 #5 type.registry] 
New type java.util.Vector<domain.Question>

[2021-10-01 09:22:38 #6 type] 
Type domain.Question is not enhanced.

[2021-10-01 09:22:38 #7 type.registry] 
New type domain.Pronostikoa

[2021-10-01 09:22:38 #8 type.registry] 
New type java.util.Vector<domain.Pronostikoa>

[2021-10-01 09:22:38 #9 type] 
Type domain.Pronostikoa is not enhanced.

[2021-10-01 09:22:38 #10 type.registry] 
New type domain.Apustua

[2021-10-01 09:22:38 #11 type.registry] 
New type java.util.Vector<domain.Apustua>

[2021-10-01 09:22:38 #12 type] 
Type domain.Apustua is not enhanced.

[2021-10-01 09:22:38 #13 type.registry] 
New type java.util.ArrayList<domain.Pronostikoa>

[2021-10-01 09:22:38 #14 type.registry] 
New type domain.Pertsona

[2021-10-01 09:22:38 #15 type.registry] 
New type domain.Bezeroa

[2021-10-01 09:22:38 #16 type] 
Type domain.Pertsona is not enhanced.

[2021-10-01 09:22:38 #17 type] 
Type domain.Bezeroa is not enhanced.

[2021-10-01 09:22:38 #18 type.registry] 
New type domain.ArretaElkarrizketa

[2021-10-01 09:22:38 #19 type.registry] 
New type java.util.Vector<domain.ArretaElkarrizketa>

[2021-10-01 09:22:38 #20 type.registry] 
New type domain.Errepikapena

[2021-10-01 09:22:38 #21 type.registry] 
New type java.util.Vector<domain.Errepikapena>

[2021-10-01 09:22:38 #22 type.registry] 
New type domain.Mezua

[2021-10-01 09:22:38 #23 type.registry] 
New type domain.BezeroartekoMezua

[2021-10-01 09:22:38 #24 type.registry] 
New type java.util.Vector<domain.BezeroartekoMezua>

[2021-10-01 09:22:38 #25 type.registry] 
New type domain.Mugimendua

[2021-10-01 09:22:38 #26 type.registry] 
New type java.util.Vector<domain.Mugimendua>

[2021-10-01 09:22:38 #27 type] 
Type domain.ArretaElkarrizketa is not enhanced.

[2021-10-01 09:22:38 #28 type.registry] 
New type domain.ArretaMezua

[2021-10-01 09:22:38 #29 type.registry] 
New type java.util.Vector<domain.ArretaMezua>

[2021-10-01 09:22:38 #30 type.registry] 
New type domain.Langilea

[2021-10-01 09:22:38 #31 type] 
Type domain.Errepikapena is not enhanced.

[2021-10-01 09:22:38 #32 type] 
Type domain.Mezua is not enhanced.

[2021-10-01 09:22:38 #33 type] 
Type domain.BezeroartekoMezua is not enhanced.

[2021-10-01 09:22:38 #34 type] 
Type domain.Mugimendua is not enhanced.

[2021-10-01 09:22:38 #35 type] 
Type domain.ArretaMezua is not enhanced.

[2021-10-01 09:22:38 #36 type] 
Type domain.Langilea is not enhanced.

[2021-10-01 09:22:38 #37 type.registry] 
New type int[]

------------------------------------------------------------------------------------------------------------------------

[2021-10-01 09:24:15 #1 store] 
Database '/Users/andreagarciaiche/Desktop/IS2/PROYECTO/Bets21Azkena/src/main/resources/bets.temp' is opened by 29153@MacBook-Pro-de-Andrea.local

------------------------------------------------------------------------------------------------------------------------

[2021-10-01 09:26:28 #1 store] 
Database '/Users/andreagarciaiche/Desktop/IS2/PROYECTO/Bets21Azkena/src/main/resources/bets.temp' is opened by 29198@MacBook-Pro-de-Andrea.local

------------------------------------------------------------------------------------------------------------------------

[2021-10-01 09:28:23 #1 store] 
Database '/Users/andreagarciaiche/Desktop/IS2/PROYECTO/Bets21Azkena/src/main/resources/bets.temp' is opened by 29247@MacBook-Pro-de-Andrea.local

[2021-10-01 09:28:24 #2 type.registry] 
New type domain.Apustua

[2021-10-01 09:28:24 #3 type] 
Type domain.Apustua is not enhanced.

[2021-10-01 09:28:24 #4 type.registry] 
New type domain.Pronostikoa

[2021-10-01 09:28:24 #5 type.registry] 
New type java.util.ArrayList<domain.Pronostikoa>

[2021-10-01 09:28:24 #6 type.registry] 
New type domain.Pertsona

[2021-10-01 09:28:24 #7 type.registry] 
New type domain.Bezeroa

[2021-10-01 09:28:24 #8 type] 
Type domain.Pronostikoa is not enhanced.

[2021-10-01 09:28:24 #9 type.registry] 
New type java.util.Vector<domain.Apustua>

[2021-10-01 09:28:24 #10 type.registry] 
New type domain.Question

[2021-10-01 09:28:24 #11 type] 
Type domain.Pertsona is not enhanced.

[2021-10-01 09:28:24 #12 type] 
Type domain.Bezeroa is not enhanced.

[2021-10-01 09:28:24 #13 type.registry] 
New type domain.ArretaElkarrizketa

[2021-10-01 09:28:24 #14 type.registry] 
New type java.util.Vector<domain.ArretaElkarrizketa>

[2021-10-01 09:28:24 #15 type.registry] 
New type domain.Errepikapena

[2021-10-01 09:28:24 #16 type.registry] 
New type java.util.Vector<domain.Errepikapena>

[2021-10-01 09:28:24 #17 type.registry] 
New type domain.Mezua

[2021-10-01 09:28:24 #18 type.registry] 
New type domain.BezeroartekoMezua

[2021-10-01 09:28:24 #19 type.registry] 
New type java.util.Vector<domain.BezeroartekoMezua>

[2021-10-01 09:28:24 #20 type.registry] 
New type domain.Mugimendua

[2021-10-01 09:28:24 #21 type.registry] 
New type java.util.Vector<domain.Mugimendua>

[2021-10-01 09:28:24 #22 type] 
Type domain.Question is not enhanced.

[2021-10-01 09:28:24 #23 type.registry] 
New type java.util.Vector<domain.Pronostikoa>

[2021-10-01 09:28:24 #24 type.registry] 
New type domain.Event

[2021-10-01 09:28:24 #25 type] 
Type domain.ArretaElkarrizketa is not enhanced.

[2021-10-01 09:28:24 #26 type.registry] 
New type domain.ArretaMezua

[2021-10-01 09:28:24 #27 type.registry] 
New type java.util.Vector<domain.ArretaMezua>

[2021-10-01 09:28:24 #28 type.registry] 
New type domain.Langilea

[2021-10-01 09:28:24 #29 type] 
Type domain.Errepikapena is not enhanced.

[2021-10-01 09:28:24 #30 type] 
Type domain.Mezua is not enhanced.

[2021-10-01 09:28:24 #31 type] 
Type domain.BezeroartekoMezua is not enhanced.

[2021-10-01 09:28:24 #32 type] 
Type domain.Mugimendua is not enhanced.

[2021-10-01 09:28:24 #33 type] 
Type domain.Event is not enhanced.

[2021-10-01 09:28:24 #34 type.registry] 
New type java.util.Vector<domain.Question>

[2021-10-01 09:28:24 #35 type] 
Type domain.ArretaMezua is not enhanced.

[2021-10-01 09:28:24 #36 type] 
Type domain.Langilea is not enhanced.

[2021-10-01 09:28:24 #37 type.registry] 
New type int[]

[2021-10-01 09:28:24 #38 type.registry] 
New type domain.Event

[2021-10-01 09:28:24 #39 type.registry] 
New type domain.Question

[2021-10-01 09:28:24 #40 type.registry] 
New type java.util.Vector<domain.Question>

[2021-10-01 09:28:24 #41 type.registry] 
New type domain.Pronostikoa

[2021-10-01 09:28:24 #42 type.registry] 
New type java.util.Vector<domain.Pronostikoa>

[2021-10-01 09:28:24 #43 type.registry] 
New type domain.Apustua

[2021-10-01 09:28:24 #44 type.registry] 
New type java.util.Vector<domain.Apustua>

[2021-10-01 09:28:24 #45 type.registry] 
New type java.util.ArrayList<domain.Pronostikoa>

[2021-10-01 09:28:24 #46 type.registry] 
New type domain.Pertsona

[2021-10-01 09:28:24 #47 type.registry] 
New type domain.Bezeroa

[2021-10-01 09:28:24 #48 type.registry] 
New type domain.ArretaElkarrizketa

[2021-10-01 09:28:24 #49 type.registry] 
New type java.util.Vector<domain.ArretaElkarrizketa>

[2021-10-01 09:28:24 #50 type.registry] 
New type domain.Errepikapena

[2021-10-01 09:28:24 #51 type.registry] 
New type java.util.Vector<domain.Errepikapena>

[2021-10-01 09:28:24 #52 type.registry] 
New type domain.Mezua

[2021-10-01 09:28:24 #53 type.registry] 
New type domain.BezeroartekoMezua

[2021-10-01 09:28:24 #54 type.registry] 
New type java.util.Vector<domain.BezeroartekoMezua>

[2021-10-01 09:28:24 #55 type.registry] 
New type domain.Mugimendua

[2021-10-01 09:28:24 #56 type.registry] 
New type java.util.Vector<domain.Mugimendua>

[2021-10-01 09:28:24 #57 type.registry] 
New type domain.ArretaMezua

[2021-10-01 09:28:24 #58 type.registry] 
New type java.util.Vector<domain.ArretaMezua>

[2021-10-01 09:28:24 #59 type.registry] 
New type domain.Langilea

[2021-10-01 09:28:24 #60 type.registry] 
New type int[]

[2021-10-01 09:28:24 #61 type.registry] 
New type domain.Apustua

[2021-10-01 09:28:24 #62 type.registry] 
New type domain.Pronostikoa

[2021-10-01 09:28:24 #63 type.registry] 
New type java.util.ArrayList<domain.Pronostikoa>

[2021-10-01 09:28:24 #64 type.registry] 
New type domain.Pertsona

[2021-10-01 09:28:24 #65 type.registry] 
New type domain.Bezeroa

[2021-10-01 09:28:24 #66 type.registry] 
New type java.util.Vector<domain.Apustua>

[2021-10-01 09:28:24 #67 type.registry] 
New type domain.Question

[2021-10-01 09:28:24 #68 type.registry] 
New type domain.ArretaElkarrizketa

[2021-10-01 09:28:24 #69 type.registry] 
New type java.util.Vector<domain.ArretaElkarrizketa>

[2021-10-01 09:28:24 #70 type.registry] 
New type domain.Errepikapena

[2021-10-01 09:28:24 #71 type.registry] 
New type java.util.Vector<domain.Errepikapena>

[2021-10-01 09:28:24 #72 type.registry] 
New type domain.Mezua

[2021-10-01 09:28:24 #73 type.registry] 
New type domain.BezeroartekoMezua

[2021-10-01 09:28:24 #74 type.registry] 
New type java.util.Vector<domain.BezeroartekoMezua>

[2021-10-01 09:28:24 #75 type.registry] 
New type domain.Mugimendua

[2021-10-01 09:28:24 #76 type.registry] 
New type java.util.Vector<domain.Mugimendua>

[2021-10-01 09:28:24 #77 type.registry] 
New type java.util.Vector<domain.Pronostikoa>

[2021-10-01 09:28:24 #78 type.registry] 
New type domain.Event

[2021-10-01 09:28:24 #79 type.registry] 
New type domain.ArretaMezua

[2021-10-01 09:28:24 #80 type.registry] 
New type java.util.Vector<domain.ArretaMezua>

[2021-10-01 09:28:24 #81 type.registry] 
New type domain.Langilea

[2021-10-01 09:28:24 #82 type.registry] 
New type java.util.Vector<domain.Question>

[2021-10-01 09:28:24 #83 type.registry] 
New type int[]

[2021-10-01 09:28:24 #84 type.registry] 
New type domain.Event

[2021-10-01 09:28:24 #85 type.registry] 
New type domain.Question

[2021-10-01 09:28:24 #86 type.registry] 
New type java.util.Vector<domain.Question>

[2021-10-01 09:28:24 #87 type.registry] 
New type domain.Pronostikoa

[2021-10-01 09:28:24 #88 type.registry] 
New type java.util.Vector<domain.Pronostikoa>

[2021-10-01 09:28:24 #89 type.registry] 
New type domain.Apustua

[2021-10-01 09:28:24 #90 type.registry] 
New type java.util.Vector<domain.Apustua>

[2021-10-01 09:28:24 #91 type.registry] 
New type java.util.ArrayList<domain.Pronostikoa>

[2021-10-01 09:28:24 #92 type.registry] 
New type domain.Pertsona

[2021-10-01 09:28:24 #93 type.registry] 
New type domain.Bezeroa

[2021-10-01 09:28:24 #94 type.registry] 
New type domain.ArretaElkarrizketa

[2021-10-01 09:28:24 #95 type.registry] 
New type java.util.Vector<domain.ArretaElkarrizketa>

[2021-10-01 09:28:24 #96 type.registry] 
New type domain.Errepikapena

[2021-10-01 09:28:24 #97 type.registry] 
New type java.util.Vector<domain.Errepikapena>

[2021-10-01 09:28:24 #98 type.registry] 
New type domain.Mezua

[2021-10-01 09:28:24 #99 type.registry] 
New type domain.BezeroartekoMezua

[2021-10-01 09:28:24 #100 type.registry] 
New type java.util.Vector<domain.BezeroartekoMezua>

[2021-10-01 09:28:24 #101 type.registry] 
New type domain.Mugimendua

[2021-10-01 09:28:24 #102 type.registry] 
New type java.util.Vector<domain.Mugimendua>

[2021-10-01 09:28:24 #103 type.registry] 
New type domain.ArretaMezua

[2021-10-01 09:28:24 #104 type.registry] 
New type java.util.Vector<domain.ArretaMezua>

[2021-10-01 09:28:24 #105 type.registry] 
New type domain.Langilea

[2021-10-01 09:28:24 #106 type.registry] 
New type int[]

------------------------------------------------------------------------------------------------------------------------

[2021-10-01 09:29:34 #1 store] 
Database '/Users/andreagarciaiche/Desktop/IS2/PROYECTO/Bets21Azkena/src/main/resources/bets.temp' is opened by 29271@MacBook-Pro-de-Andrea.local

[2021-10-01 09:29:35 #2 type.registry] 
New type domain.Apustua

[2021-10-01 09:29:35 #3 type] 
Type domain.Apustua is not enhanced.

[2021-10-01 09:29:35 #4 type.registry] 
New type domain.Pronostikoa

[2021-10-01 09:29:35 #5 type.registry] 
New type java.util.ArrayList<domain.Pronostikoa>

[2021-10-01 09:29:35 #6 type.registry] 
New type domain.Pertsona

[2021-10-01 09:29:35 #7 type.registry] 
New type domain.Bezeroa

[2021-10-01 09:29:35 #8 type] 
Type domain.Pronostikoa is not enhanced.

[2021-10-01 09:29:35 #9 type.registry] 
New type java.util.Vector<domain.Apustua>

[2021-10-01 09:29:35 #10 type.registry] 
New type domain.Question

[2021-10-01 09:29:35 #11 type] 
Type domain.Pertsona is not enhanced.

[2021-10-01 09:29:35 #12 type] 
Type domain.Bezeroa is not enhanced.

[2021-10-01 09:29:35 #13 type.registry] 
New type domain.ArretaElkarrizketa

[2021-10-01 09:29:35 #14 type.registry] 
New type java.util.Vector<domain.ArretaElkarrizketa>

[2021-10-01 09:29:35 #15 type.registry] 
New type domain.Errepikapena

[2021-10-01 09:29:35 #16 type.registry] 
New type java.util.Vector<domain.Errepikapena>

[2021-10-01 09:29:35 #17 type.registry] 
New type domain.Mezua

[2021-10-01 09:29:35 #18 type.registry] 
New type domain.BezeroartekoMezua

[2021-10-01 09:29:35 #19 type.registry] 
New type java.util.Vector<domain.BezeroartekoMezua>

[2021-10-01 09:29:35 #20 type.registry] 
New type domain.Mugimendua

[2021-10-01 09:29:35 #21 type.registry] 
New type java.util.Vector<domain.Mugimendua>

[2021-10-01 09:29:35 #22 type] 
Type domain.Question is not enhanced.

[2021-10-01 09:29:35 #23 type.registry] 
New type java.util.Vector<domain.Pronostikoa>

[2021-10-01 09:29:35 #24 type.registry] 
New type domain.Event

[2021-10-01 09:29:35 #25 type] 
Type domain.ArretaElkarrizketa is not enhanced.

[2021-10-01 09:29:35 #26 type.registry] 
New type domain.ArretaMezua

[2021-10-01 09:29:35 #27 type.registry] 
New type java.util.Vector<domain.ArretaMezua>

[2021-10-01 09:29:35 #28 type.registry] 
New type domain.Langilea

[2021-10-01 09:29:35 #29 type] 
Type domain.Errepikapena is not enhanced.

[2021-10-01 09:29:35 #30 type] 
Type domain.Mezua is not enhanced.

[2021-10-01 09:29:35 #31 type] 
Type domain.BezeroartekoMezua is not enhanced.

[2021-10-01 09:29:35 #32 type] 
Type domain.Mugimendua is not enhanced.

[2021-10-01 09:29:35 #33 type] 
Type domain.Event is not enhanced.

[2021-10-01 09:29:35 #34 type.registry] 
New type java.util.Vector<domain.Question>

[2021-10-01 09:29:35 #35 type] 
Type domain.ArretaMezua is not enhanced.

[2021-10-01 09:29:35 #36 type] 
Type domain.Langilea is not enhanced.

[2021-10-01 09:29:35 #37 type.registry] 
New type int[]

[2021-10-01 09:29:35 #38 type.registry] 
New type domain.Event

[2021-10-01 09:29:35 #39 type.registry] 
New type domain.Question

[2021-10-01 09:29:35 #40 type.registry] 
New type java.util.Vector<domain.Question>

[2021-10-01 09:29:35 #41 type.registry] 
New type domain.Pronostikoa

[2021-10-01 09:29:35 #42 type.registry] 
New type java.util.Vector<domain.Pronostikoa>

[2021-10-01 09:29:35 #43 type.registry] 
New type domain.Apustua

[2021-10-01 09:29:35 #44 type.registry] 
New type java.util.Vector<domain.Apustua>

[2021-10-01 09:29:35 #45 type.registry] 
New type java.util.ArrayList<domain.Pronostikoa>

[2021-10-01 09:29:35 #46 type.registry] 
New type domain.Pertsona

[2021-10-01 09:29:35 #47 type.registry] 
New type domain.Bezeroa

[2021-10-01 09:29:35 #48 type.registry] 
New type domain.ArretaElkarrizketa

[2021-10-01 09:29:35 #49 type.registry] 
New type java.util.Vector<domain.ArretaElkarrizketa>

[2021-10-01 09:29:35 #50 type.registry] 
New type domain.Errepikapena

[2021-10-01 09:29:35 #51 type.registry] 
New type java.util.Vector<domain.Errepikapena>

[2021-10-01 09:29:35 #52 type.registry] 
New type domain.Mezua

[2021-10-01 09:29:35 #53 type.registry] 
New type domain.BezeroartekoMezua

[2021-10-01 09:29:35 #54 type.registry] 
New type java.util.Vector<domain.BezeroartekoMezua>

[2021-10-01 09:29:35 #55 type.registry] 
New type domain.Mugimendua

[2021-10-01 09:29:35 #56 type.registry] 
New type java.util.Vector<domain.Mugimendua>

[2021-10-01 09:29:35 #57 type.registry] 
New type domain.ArretaMezua

[2021-10-01 09:29:35 #58 type.registry] 
New type java.util.Vector<domain.ArretaMezua>

[2021-10-01 09:29:35 #59 type.registry] 
New type domain.Langilea

[2021-10-01 09:29:35 #60 type.registry] 
New type int[]

[2021-10-01 09:29:35 #61 type.registry] 
New type domain.Apustua

[2021-10-01 09:29:35 #62 type.registry] 
New type domain.Pronostikoa

[2021-10-01 09:29:35 #63 type.registry] 
New type java.util.ArrayList<domain.Pronostikoa>

[2021-10-01 09:29:35 #64 type.registry] 
New type domain.Pertsona

[2021-10-01 09:29:35 #65 type.registry] 
New type domain.Bezeroa

[2021-10-01 09:29:35 #66 type.registry] 
New type java.util.Vector<domain.Apustua>

[2021-10-01 09:29:35 #67 type.registry] 
New type domain.Question

[2021-10-01 09:29:35 #68 type.registry] 
New type domain.ArretaElkarrizketa

[2021-10-01 09:29:35 #69 type.registry] 
New type java.util.Vector<domain.ArretaElkarrizketa>

[2021-10-01 09:29:35 #70 type.registry] 
New type domain.Errepikapena

[2021-10-01 09:29:35 #71 type.registry] 
New type java.util.Vector<domain.Errepikapena>

[2021-10-01 09:29:35 #72 type.registry] 
New type domain.Mezua

[2021-10-01 09:29:35 #73 type.registry] 
New type domain.BezeroartekoMezua

[2021-10-01 09:29:35 #74 type.registry] 
New type java.util.Vector<domain.BezeroartekoMezua>

[2021-10-01 09:29:35 #75 type.registry] 
New type domain.Mugimendua

[2021-10-01 09:29:35 #76 type.registry] 
New type java.util.Vector<domain.Mugimendua>

[2021-10-01 09:29:35 #77 type.registry] 
New type java.util.Vector<domain.Pronostikoa>

[2021-10-01 09:29:35 #78 type.registry] 
New type domain.Event

[2021-10-01 09:29:35 #79 type.registry] 
New type domain.ArretaMezua

[2021-10-01 09:29:35 #80 type.registry] 
New type java.util.Vector<domain.ArretaMezua>

[2021-10-01 09:29:35 #81 type.registry] 
New type domain.Langilea

[2021-10-01 09:29:35 #82 type.registry] 
New type java.util.Vector<domain.Question>

[2021-10-01 09:29:35 #83 type.registry] 
New type int[]

[2021-10-01 09:29:35 #84 type.registry] 
New type domain.Event

[2021-10-01 09:29:35 #85 type.registry] 
New type domain.Question

[2021-10-01 09:29:35 #86 type.registry] 
New type java.util.Vector<domain.Question>

[2021-10-01 09:29:35 #87 type.registry] 
New type domain.Pronostikoa

[2021-10-01 09:29:35 #88 type.registry] 
New type java.util.Vector<domain.Pronostikoa>

[2021-10-01 09:29:35 #89 type.registry] 
New type domain.Apustua

[2021-10-01 09:29:35 #90 type.registry] 
New type java.util.Vector<domain.Apustua>

[2021-10-01 09:29:35 #91 type.registry] 
New type java.util.ArrayList<domain.Pronostikoa>

[2021-10-01 09:29:35 #92 type.registry] 
New type domain.Pertsona

[2021-10-01 09:29:35 #93 type.registry] 
New type domain.Bezeroa

[2021-10-01 09:29:35 #94 type.registry] 
New type domain.ArretaElkarrizketa

[2021-10-01 09:29:35 #95 type.registry] 
New type java.util.Vector<domain.ArretaElkarrizketa>

[2021-10-01 09:29:35 #96 type.registry] 
New type domain.Errepikapena

[2021-10-01 09:29:35 #97 type.registry] 
New type java.util.Vector<domain.Errepikapena>

[2021-10-01 09:29:35 #98 type.registry] 
New type domain.Mezua

[2021-10-01 09:29:35 #99 type.registry] 
New type domain.BezeroartekoMezua

[2021-10-01 09:29:35 #100 type.registry] 
New type java.util.Vector<domain.BezeroartekoMezua>

[2021-10-01 09:29:35 #101 type.registry] 
New type domain.Mugimendua

[2021-10-01 09:29:35 #102 type.registry] 
New type java.util.Vector<domain.Mugimendua>

[2021-10-01 09:29:35 #103 type.registry] 
New type domain.ArretaMezua

[2021-10-01 09:29:35 #104 type.registry] 
New type java.util.Vector<domain.ArretaMezua>

[2021-10-01 09:29:35 #105 type.registry] 
New type domain.Langilea

[2021-10-01 09:29:35 #106 type.registry] 
New type int[]

------------------------------------------------------------------------------------------------------------------------

[2021-10-01 09:30:13 #1 store] 
Database '/Users/andreagarciaiche/Desktop/IS2/PROYECTO/Bets21Azkena/src/main/resources/bets.temp' is opened by 29289@MacBook-Pro-de-Andrea.local

[2021-10-01 09:30:13 #2 type.registry] 
New type domain.Event

[2021-10-01 09:30:13 #3 type] 
Type domain.Event is not enhanced.

[2021-10-01 09:30:13 #4 type.registry] 
New type domain.Question

[2021-10-01 09:30:13 #5 type.registry] 
New type java.util.Vector<domain.Question>

[2021-10-01 09:30:13 #6 type] 
Type domain.Question is not enhanced.

[2021-10-01 09:30:13 #7 type.registry] 
New type domain.Pronostikoa

[2021-10-01 09:30:13 #8 type.registry] 
New type java.util.Vector<domain.Pronostikoa>

[2021-10-01 09:30:13 #9 type] 
Type domain.Pronostikoa is not enhanced.

[2021-10-01 09:30:13 #10 type.registry] 
New type domain.Apustua

[2021-10-01 09:30:13 #11 type.registry] 
New type java.util.Vector<domain.Apustua>

[2021-10-01 09:30:13 #12 type] 
Type domain.Apustua is not enhanced.

[2021-10-01 09:30:13 #13 type.registry] 
New type java.util.ArrayList<domain.Pronostikoa>

[2021-10-01 09:30:13 #14 type.registry] 
New type domain.Pertsona

[2021-10-01 09:30:13 #15 type.registry] 
New type domain.Bezeroa

[2021-10-01 09:30:13 #16 type] 
Type domain.Pertsona is not enhanced.

[2021-10-01 09:30:13 #17 type] 
Type domain.Bezeroa is not enhanced.

[2021-10-01 09:30:13 #18 type.registry] 
New type domain.ArretaElkarrizketa

[2021-10-01 09:30:13 #19 type.registry] 
New type java.util.Vector<domain.ArretaElkarrizketa>

[2021-10-01 09:30:13 #20 type.registry] 
New type domain.Errepikapena

[2021-10-01 09:30:13 #21 type.registry] 
New type java.util.Vector<domain.Errepikapena>

[2021-10-01 09:30:13 #22 type.registry] 
New type domain.Mezua

[2021-10-01 09:30:13 #23 type.registry] 
New type domain.BezeroartekoMezua

[2021-10-01 09:30:13 #24 type.registry] 
New type java.util.Vector<domain.BezeroartekoMezua>

[2021-10-01 09:30:13 #25 type.registry] 
New type domain.Mugimendua

[2021-10-01 09:30:13 #26 type.registry] 
New type java.util.Vector<domain.Mugimendua>

[2021-10-01 09:30:13 #27 type] 
Type domain.ArretaElkarrizketa is not enhanced.

[2021-10-01 09:30:13 #28 type.registry] 
New type domain.ArretaMezua

[2021-10-01 09:30:13 #29 type.registry] 
New type java.util.Vector<domain.ArretaMezua>

[2021-10-01 09:30:13 #30 type.registry] 
New type domain.Langilea

[2021-10-01 09:30:13 #31 type] 
Type domain.Errepikapena is not enhanced.

[2021-10-01 09:30:13 #32 type] 
Type domain.Mezua is not enhanced.

[2021-10-01 09:30:13 #33 type] 
Type domain.BezeroartekoMezua is not enhanced.

[2021-10-01 09:30:13 #34 type] 
Type domain.Mugimendua is not enhanced.

[2021-10-01 09:30:13 #35 type] 
Type domain.ArretaMezua is not enhanced.

[2021-10-01 09:30:13 #36 type] 
Type domain.Langilea is not enhanced.

[2021-10-01 09:30:13 #37 type.registry] 
New type int[]

[2021-10-01 09:30:13 #38 type.registry] 
New type domain.Event

[2021-10-01 09:30:13 #39 type.registry] 
New type domain.Question

[2021-10-01 09:30:13 #40 type.registry] 
New type java.util.Vector<domain.Question>

[2021-10-01 09:30:13 #41 type.registry] 
New type domain.Pronostikoa

[2021-10-01 09:30:13 #42 type.registry] 
New type java.util.Vector<domain.Pronostikoa>

[2021-10-01 09:30:13 #43 type.registry] 
New type domain.Apustua

[2021-10-01 09:30:13 #44 type.registry] 
New type java.util.Vector<domain.Apustua>

[2021-10-01 09:30:13 #45 type.registry] 
New type java.util.ArrayList<domain.Pronostikoa>

[2021-10-01 09:30:13 #46 type.registry] 
New type domain.Pertsona

[2021-10-01 09:30:13 #47 type.registry] 
New type domain.Bezeroa

[2021-10-01 09:30:13 #48 type.registry] 
New type domain.ArretaElkarrizketa

[2021-10-01 09:30:13 #49 type.registry] 
New type java.util.Vector<domain.ArretaElkarrizketa>

[2021-10-01 09:30:13 #50 type.registry] 
New type domain.Errepikapena

[2021-10-01 09:30:13 #51 type.registry] 
New type java.util.Vector<domain.Errepikapena>

[2021-10-01 09:30:13 #52 type.registry] 
New type domain.Mezua

[2021-10-01 09:30:13 #53 type.registry] 
New type domain.BezeroartekoMezua

[2021-10-01 09:30:13 #54 type.registry] 
New type java.util.Vector<domain.BezeroartekoMezua>

[2021-10-01 09:30:13 #55 type.registry] 
New type domain.Mugimendua

[2021-10-01 09:30:13 #56 type.registry] 
New type java.util.Vector<domain.Mugimendua>

[2021-10-01 09:30:13 #57 type.registry] 
New type domain.ArretaMezua

[2021-10-01 09:30:13 #58 type.registry] 
New type java.util.Vector<domain.ArretaMezua>

[2021-10-01 09:30:13 #59 type.registry] 
New type domain.Langilea

[2021-10-01 09:30:13 #60 type.registry] 
New type int[]

[2021-10-01 09:30:13 #61 type.registry] 
New type domain.Event

[2021-10-01 09:30:13 #62 type.registry] 
New type domain.Question

[2021-10-01 09:30:13 #63 type.registry] 
New type java.util.Vector<domain.Question>

[2021-10-01 09:30:13 #64 type.registry] 
New type domain.Pronostikoa

[2021-10-01 09:30:13 #65 type.registry] 
New type java.util.Vector<domain.Pronostikoa>

[2021-10-01 09:30:13 #66 type.registry] 
New type domain.Apustua

[2021-10-01 09:30:13 #67 type.registry] 
New type java.util.Vector<domain.Apustua>

[2021-10-01 09:30:13 #68 type.registry] 
New type java.util.ArrayList<domain.Pronostikoa>

[2021-10-01 09:30:13 #69 type.registry] 
New type domain.Pertsona

[2021-10-01 09:30:13 #70 type.registry] 
New type domain.Bezeroa

[2021-10-01 09:30:13 #71 type.registry] 
New type domain.ArretaElkarrizketa

[2021-10-01 09:30:13 #72 type.registry] 
New type java.util.Vector<domain.ArretaElkarrizketa>

[2021-10-01 09:30:13 #73 type.registry] 
New type domain.Errepikapena

[2021-10-01 09:30:13 #74 type.registry] 
New type java.util.Vector<domain.Errepikapena>

[2021-10-01 09:30:13 #75 type.registry] 
New type domain.Mezua

[2021-10-01 09:30:13 #76 type.registry] 
New type domain.BezeroartekoMezua

[2021-10-01 09:30:13 #77 type.registry] 
New type java.util.Vector<domain.BezeroartekoMezua>

[2021-10-01 09:30:13 #78 type.registry] 
New type domain.Mugimendua

[2021-10-01 09:30:13 #79 type.registry] 
New type java.util.Vector<domain.Mugimendua>

[2021-10-01 09:30:13 #80 type.registry] 
New type domain.ArretaMezua

[2021-10-01 09:30:13 #81 type.registry] 
New type java.util.Vector<domain.ArretaMezua>

[2021-10-01 09:30:13 #82 type.registry] 
New type domain.Langilea

[2021-10-01 09:30:13 #83 type.registry] 
New type int[]

[2021-10-01 09:30:13 #84 type.registry] 
New type domain.Event

[2021-10-01 09:30:13 #85 type.registry] 
New type domain.Question

[2021-10-01 09:30:13 #86 type.registry] 
New type java.util.Vector<domain.Question>

[2021-10-01 09:30:13 #87 type.registry] 
New type domain.Pronostikoa

[2021-10-01 09:30:13 #88 type.registry] 
New type java.util.Vector<domain.Pronostikoa>

[2021-10-01 09:30:13 #89 type.registry] 
New type domain.Apustua

[2021-10-01 09:30:13 #90 type.registry] 
New type java.util.Vector<domain.Apustua>

[2021-10-01 09:30:13 #91 type.registry] 
New type java.util.ArrayList<domain.Pronostikoa>

[2021-10-01 09:30:13 #92 type.registry] 
New type domain.Pertsona

[2021-10-01 09:30:13 #93 type.registry] 
New type domain.Bezeroa

[2021-10-01 09:30:13 #94 type.registry] 
New type domain.ArretaElkarrizketa

[2021-10-01 09:30:13 #95 type.registry] 
New type java.util.Vector<domain.ArretaElkarrizketa>

[2021-10-01 09:30:13 #96 type.registry] 
New type domain.Errepikapena

[2021-10-01 09:30:13 #97 type.registry] 
New type java.util.Vector<domain.Errepikapena>

[2021-10-01 09:30:13 #98 type.registry] 
New type domain.Mezua

[2021-10-01 09:30:13 #99 type.registry] 
New type domain.BezeroartekoMezua

[2021-10-01 09:30:13 #100 type.registry] 
New type java.util.Vector<domain.BezeroartekoMezua>

[2021-10-01 09:30:13 #101 type.registry] 
New type domain.Mugimendua

[2021-10-01 09:30:13 #102 type.registry] 
New type java.util.Vector<domain.Mugimendua>

[2021-10-01 09:30:13 #103 type.registry] 
New type domain.ArretaMezua

[2021-10-01 09:30:13 #104 type.registry] 
New type java.util.Vector<domain.ArretaMezua>

[2021-10-01 09:30:13 #105 type.registry] 
New type domain.Langilea

[2021-10-01 09:30:13 #106 type.registry] 
New type int[]

------------------------------------------------------------------------------------------------------------------------

[2021-10-01 10:01:01 #1 store] 
Database '/Users/andreagarciaiche/Desktop/IS2/PROYECTO/Bets21Azkena/src/main/resources/bets.temp' is opened by 30233@MacBook-Pro-de-Andrea.local

[2021-10-01 10:01:01 #2 type.registry] 
New type domain.Event

[2021-10-01 10:01:01 #3 type] 
Type domain.Event is not enhanced.

[2021-10-01 10:01:01 #4 type.registry] 
New type domain.Question

[2021-10-01 10:01:01 #5 type.registry] 
New type java.util.Vector<domain.Question>

[2021-10-01 10:01:01 #6 type] 
Type domain.Question is not enhanced.

[2021-10-01 10:01:01 #7 type.registry] 
New type domain.Pronostikoa

[2021-10-01 10:01:01 #8 type.registry] 
New type java.util.Vector<domain.Pronostikoa>

[2021-10-01 10:01:01 #9 type] 
Type domain.Pronostikoa is not enhanced.

[2021-10-01 10:01:01 #10 type.registry] 
New type domain.Apustua

[2021-10-01 10:01:01 #11 type.registry] 
New type java.util.Vector<domain.Apustua>

[2021-10-01 10:01:01 #12 type] 
Type domain.Apustua is not enhanced.

[2021-10-01 10:01:01 #13 type.registry] 
New type java.util.ArrayList<domain.Pronostikoa>

[2021-10-01 10:01:01 #14 type.registry] 
New type domain.Pertsona

[2021-10-01 10:01:01 #15 type.registry] 
New type domain.Bezeroa

[2021-10-01 10:01:01 #16 type] 
Type domain.Pertsona is not enhanced.

[2021-10-01 10:01:01 #17 type] 
Type domain.Bezeroa is not enhanced.

[2021-10-01 10:01:01 #18 type.registry] 
New type domain.ArretaElkarrizketa

[2021-10-01 10:01:01 #19 type.registry] 
New type java.util.Vector<domain.ArretaElkarrizketa>

[2021-10-01 10:01:01 #20 type.registry] 
New type domain.Errepikapena

[2021-10-01 10:01:01 #21 type.registry] 
New type java.util.Vector<domain.Errepikapena>

[2021-10-01 10:01:01 #22 type.registry] 
New type domain.Mezua

[2021-10-01 10:01:01 #23 type.registry] 
New type domain.BezeroartekoMezua

[2021-10-01 10:01:01 #24 type.registry] 
New type java.util.Vector<domain.BezeroartekoMezua>

[2021-10-01 10:01:01 #25 type.registry] 
New type domain.Mugimendua

[2021-10-01 10:01:01 #26 type.registry] 
New type java.util.Vector<domain.Mugimendua>

[2021-10-01 10:01:01 #27 type] 
Type domain.ArretaElkarrizketa is not enhanced.

[2021-10-01 10:01:01 #28 type.registry] 
New type domain.ArretaMezua

[2021-10-01 10:01:01 #29 type.registry] 
New type java.util.Vector<domain.ArretaMezua>

[2021-10-01 10:01:01 #30 type.registry] 
New type domain.Langilea

[2021-10-01 10:01:01 #31 type] 
Type domain.Errepikapena is not enhanced.

[2021-10-01 10:01:01 #32 type] 
Type domain.Mezua is not enhanced.

[2021-10-01 10:01:01 #33 type] 
Type domain.BezeroartekoMezua is not enhanced.

[2021-10-01 10:01:01 #34 type] 
Type domain.Mugimendua is not enhanced.

[2021-10-01 10:01:01 #35 type] 
Type domain.ArretaMezua is not enhanced.

[2021-10-01 10:01:01 #36 type] 
Type domain.Langilea is not enhanced.

[2021-10-01 10:01:01 #37 type.registry] 
New type int[]

[2021-10-01 10:01:01 #38 type.registry] 
New type domain.Event

[2021-10-01 10:01:01 #39 type.registry] 
New type domain.Question

[2021-10-01 10:01:01 #40 type.registry] 
New type java.util.Vector<domain.Question>

[2021-10-01 10:01:01 #41 type.registry] 
New type domain.Pronostikoa

[2021-10-01 10:01:01 #42 type.registry] 
New type java.util.Vector<domain.Pronostikoa>

[2021-10-01 10:01:01 #43 type.registry] 
New type domain.Apustua

[2021-10-01 10:01:01 #44 type.registry] 
New type java.util.Vector<domain.Apustua>

[2021-10-01 10:01:01 #45 type.registry] 
New type java.util.ArrayList<domain.Pronostikoa>

[2021-10-01 10:01:01 #46 type.registry] 
New type domain.Pertsona

[2021-10-01 10:01:01 #47 type.registry] 
New type domain.Bezeroa

[2021-10-01 10:01:01 #48 type.registry] 
New type domain.ArretaElkarrizketa

[2021-10-01 10:01:01 #49 type.registry] 
New type java.util.Vector<domain.ArretaElkarrizketa>

[2021-10-01 10:01:01 #50 type.registry] 
New type domain.Errepikapena

[2021-10-01 10:01:01 #51 type.registry] 
New type java.util.Vector<domain.Errepikapena>

[2021-10-01 10:01:01 #52 type.registry] 
New type domain.Mezua

[2021-10-01 10:01:01 #53 type.registry] 
New type domain.BezeroartekoMezua

[2021-10-01 10:01:01 #54 type.registry] 
New type java.util.Vector<domain.BezeroartekoMezua>

[2021-10-01 10:01:01 #55 type.registry] 
New type domain.Mugimendua

[2021-10-01 10:01:01 #56 type.registry] 
New type java.util.Vector<domain.Mugimendua>

[2021-10-01 10:01:01 #57 type.registry] 
New type domain.ArretaMezua

[2021-10-01 10:01:01 #58 type.registry] 
New type java.util.Vector<domain.ArretaMezua>

[2021-10-01 10:01:01 #59 type.registry] 
New type domain.Langilea

[2021-10-01 10:01:01 #60 type.registry] 
New type int[]

[2021-10-01 10:01:01 #61 type.registry] 
New type domain.Event

[2021-10-01 10:01:01 #62 type.registry] 
New type domain.Question

[2021-10-01 10:01:01 #63 type.registry] 
New type java.util.Vector<domain.Question>

[2021-10-01 10:01:01 #64 type.registry] 
New type domain.Pronostikoa

[2021-10-01 10:01:01 #65 type.registry] 
New type java.util.Vector<domain.Pronostikoa>

[2021-10-01 10:01:01 #66 type.registry] 
New type domain.Apustua

[2021-10-01 10:01:01 #67 type.registry] 
New type java.util.Vector<domain.Apustua>

[2021-10-01 10:01:01 #68 type.registry] 
New type java.util.ArrayList<domain.Pronostikoa>

[2021-10-01 10:01:01 #69 type.registry] 
New type domain.Pertsona

[2021-10-01 10:01:01 #70 type.registry] 
New type domain.Bezeroa

[2021-10-01 10:01:01 #71 type.registry] 
New type domain.ArretaElkarrizketa

[2021-10-01 10:01:01 #72 type.registry] 
New type java.util.Vector<domain.ArretaElkarrizketa>

[2021-10-01 10:01:01 #73 type.registry] 
New type domain.Errepikapena

[2021-10-01 10:01:01 #74 type.registry] 
New type java.util.Vector<domain.Errepikapena>

[2021-10-01 10:01:01 #75 type.registry] 
New type domain.Mezua

[2021-10-01 10:01:01 #76 type.registry] 
New type domain.BezeroartekoMezua

[2021-10-01 10:01:01 #77 type.registry] 
New type java.util.Vector<domain.BezeroartekoMezua>

[2021-10-01 10:01:01 #78 type.registry] 
New type domain.Mugimendua

[2021-10-01 10:01:01 #79 type.registry] 
New type java.util.Vector<domain.Mugimendua>

[2021-10-01 10:01:01 #80 type.registry] 
New type domain.ArretaMezua

[2021-10-01 10:01:01 #81 type.registry] 
New type java.util.Vector<domain.ArretaMezua>

[2021-10-01 10:01:01 #82 type.registry] 
New type domain.Langilea

[2021-10-01 10:01:01 #83 type.registry] 
New type int[]

[2021-10-01 10:01:01 #84 type.registry] 
New type domain.Event

[2021-10-01 10:01:01 #85 type.registry] 
New type domain.Question

[2021-10-01 10:01:01 #86 type.registry] 
New type java.util.Vector<domain.Question>

[2021-10-01 10:01:01 #87 type.registry] 
New type domain.Pronostikoa

[2021-10-01 10:01:01 #88 type.registry] 
New type java.util.Vector<domain.Pronostikoa>

[2021-10-01 10:01:01 #89 type.registry] 
New type domain.Apustua

[2021-10-01 10:01:01 #90 type.registry] 
New type java.util.Vector<domain.Apustua>

[2021-10-01 10:01:01 #91 type.registry] 
New type java.util.ArrayList<domain.Pronostikoa>

[2021-10-01 10:01:01 #92 type.registry] 
New type domain.Pertsona

[2021-10-01 10:01:01 #93 type.registry] 
New type domain.Bezeroa

[2021-10-01 10:01:01 #94 type.registry] 
New type domain.ArretaElkarrizketa

[2021-10-01 10:01:01 #95 type.registry] 
New type java.util.Vector<domain.ArretaElkarrizketa>

[2021-10-01 10:01:01 #96 type.registry] 
New type domain.Errepikapena

[2021-10-01 10:01:01 #97 type.registry] 
New type java.util.Vector<domain.Errepikapena>

[2021-10-01 10:01:01 #98 type.registry] 
New type domain.Mezua

[2021-10-01 10:01:01 #99 type.registry] 
New type domain.BezeroartekoMezua

[2021-10-01 10:01:01 #100 type.registry] 
New type java.util.Vector<domain.BezeroartekoMezua>

[2021-10-01 10:01:01 #101 type.registry] 
New type domain.Mugimendua

[2021-10-01 10:01:01 #102 type.registry] 
New type java.util.Vector<domain.Mugimendua>

[2021-10-01 10:01:01 #103 type.registry] 
New type domain.ArretaMezua

[2021-10-01 10:01:01 #104 type.registry] 
New type java.util.Vector<domain.ArretaMezua>

[2021-10-01 10:01:01 #105 type.registry] 
New type domain.Langilea

[2021-10-01 10:01:01 #106 type.registry] 
New type int[]

------------------------------------------------------------------------------------------------------------------------

[2021-10-01 10:03:02 #1 store] 
Database '/Users/andreagarciaiche/Desktop/IS2/PROYECTO/Bets21Azkena/src/main/resources/bets.temp' is opened by 30276@MacBook-Pro-de-Andrea.local

[2021-10-01 10:03:02 #2 type.registry] 
New type domain.Apustua

[2021-10-01 10:03:02 #3 type] 
Type domain.Apustua is not enhanced.

[2021-10-01 10:03:02 #4 type.registry] 
New type domain.Pronostikoa

[2021-10-01 10:03:02 #5 type.registry] 
New type java.util.ArrayList<domain.Pronostikoa>

[2021-10-01 10:03:02 #6 type.registry] 
New type domain.Pertsona

[2021-10-01 10:03:02 #7 type.registry] 
New type domain.Bezeroa

[2021-10-01 10:03:02 #8 type] 
Type domain.Pronostikoa is not enhanced.

[2021-10-01 10:03:02 #9 type.registry] 
New type java.util.Vector<domain.Apustua>

[2021-10-01 10:03:02 #10 type.registry] 
New type domain.Question

[2021-10-01 10:03:02 #11 type] 
Type domain.Pertsona is not enhanced.

[2021-10-01 10:03:02 #12 type] 
Type domain.Bezeroa is not enhanced.

[2021-10-01 10:03:02 #13 type.registry] 
New type domain.ArretaElkarrizketa

[2021-10-01 10:03:02 #14 type.registry] 
New type java.util.Vector<domain.ArretaElkarrizketa>

[2021-10-01 10:03:02 #15 type.registry] 
New type domain.Errepikapena

[2021-10-01 10:03:02 #16 type.registry] 
New type java.util.Vector<domain.Errepikapena>

[2021-10-01 10:03:02 #17 type.registry] 
New type domain.Mezua

[2021-10-01 10:03:02 #18 type.registry] 
New type domain.BezeroartekoMezua

[2021-10-01 10:03:02 #19 type.registry] 
New type java.util.Vector<domain.BezeroartekoMezua>

[2021-10-01 10:03:02 #20 type.registry] 
New type domain.Mugimendua

[2021-10-01 10:03:02 #21 type.registry] 
New type java.util.Vector<domain.Mugimendua>

[2021-10-01 10:03:02 #22 type] 
Type domain.Question is not enhanced.

[2021-10-01 10:03:02 #23 type.registry] 
New type java.util.Vector<domain.Pronostikoa>

[2021-10-01 10:03:02 #24 type.registry] 
New type domain.Event

[2021-10-01 10:03:02 #25 type] 
Type domain.ArretaElkarrizketa is not enhanced.

[2021-10-01 10:03:02 #26 type.registry] 
New type domain.ArretaMezua

[2021-10-01 10:03:02 #27 type.registry] 
New type java.util.Vector<domain.ArretaMezua>

[2021-10-01 10:03:02 #28 type.registry] 
New type domain.Langilea

[2021-10-01 10:03:02 #29 type] 
Type domain.Errepikapena is not enhanced.

[2021-10-01 10:03:02 #30 type] 
Type domain.Mezua is not enhanced.

[2021-10-01 10:03:02 #31 type] 
Type domain.BezeroartekoMezua is not enhanced.

[2021-10-01 10:03:02 #32 type] 
Type domain.Mugimendua is not enhanced.

[2021-10-01 10:03:02 #33 type] 
Type domain.Event is not enhanced.

[2021-10-01 10:03:02 #34 type.registry] 
New type java.util.Vector<domain.Question>

[2021-10-01 10:03:02 #35 type] 
Type domain.ArretaMezua is not enhanced.

[2021-10-01 10:03:02 #36 type] 
Type domain.Langilea is not enhanced.

[2021-10-01 10:03:02 #37 type.registry] 
New type int[]

[2021-10-01 10:03:02 #38 type.registry] 
New type domain.Event

[2021-10-01 10:03:02 #39 type.registry] 
New type domain.Question

[2021-10-01 10:03:02 #40 type.registry] 
New type java.util.Vector<domain.Question>

[2021-10-01 10:03:02 #41 type.registry] 
New type domain.Pronostikoa

[2021-10-01 10:03:02 #42 type.registry] 
New type java.util.Vector<domain.Pronostikoa>

[2021-10-01 10:03:02 #43 type.registry] 
New type domain.Apustua

[2021-10-01 10:03:02 #44 type.registry] 
New type java.util.Vector<domain.Apustua>

[2021-10-01 10:03:02 #45 type.registry] 
New type java.util.ArrayList<domain.Pronostikoa>

[2021-10-01 10:03:02 #46 type.registry] 
New type domain.Pertsona

[2021-10-01 10:03:02 #47 type.registry] 
New type domain.Bezeroa

[2021-10-01 10:03:02 #48 type.registry] 
New type domain.ArretaElkarrizketa

[2021-10-01 10:03:02 #49 type.registry] 
New type java.util.Vector<domain.ArretaElkarrizketa>

[2021-10-01 10:03:02 #50 type.registry] 
New type domain.Errepikapena

[2021-10-01 10:03:02 #51 type.registry] 
New type java.util.Vector<domain.Errepikapena>

[2021-10-01 10:03:02 #52 type.registry] 
New type domain.Mezua

[2021-10-01 10:03:02 #53 type.registry] 
New type domain.BezeroartekoMezua

[2021-10-01 10:03:02 #54 type.registry] 
New type java.util.Vector<domain.BezeroartekoMezua>

[2021-10-01 10:03:02 #55 type.registry] 
New type domain.Mugimendua

[2021-10-01 10:03:02 #56 type.registry] 
New type java.util.Vector<domain.Mugimendua>

[2021-10-01 10:03:02 #57 type.registry] 
New type domain.ArretaMezua

[2021-10-01 10:03:02 #58 type.registry] 
New type java.util.Vector<domain.ArretaMezua>

[2021-10-01 10:03:02 #59 type.registry] 
New type domain.Langilea

[2021-10-01 10:03:02 #60 type.registry] 
New type int[]

[2021-10-01 10:03:03 #61 type.registry] 
New type domain.Apustua

[2021-10-01 10:03:03 #62 type.registry] 
New type domain.Pronostikoa

[2021-10-01 10:03:03 #63 type.registry] 
New type java.util.ArrayList<domain.Pronostikoa>

[2021-10-01 10:03:03 #64 type.registry] 
New type domain.Pertsona

[2021-10-01 10:03:03 #65 type.registry] 
New type domain.Bezeroa

[2021-10-01 10:03:03 #66 type.registry] 
New type java.util.Vector<domain.Apustua>

[2021-10-01 10:03:03 #67 type.registry] 
New type domain.Question

[2021-10-01 10:03:03 #68 type.registry] 
New type domain.ArretaElkarrizketa

[2021-10-01 10:03:03 #69 type.registry] 
New type java.util.Vector<domain.ArretaElkarrizketa>

[2021-10-01 10:03:03 #70 type.registry] 
New type domain.Errepikapena

[2021-10-01 10:03:03 #71 type.registry] 
New type java.util.Vector<domain.Errepikapena>

[2021-10-01 10:03:03 #72 type.registry] 
New type domain.Mezua

[2021-10-01 10:03:03 #73 type.registry] 
New type domain.BezeroartekoMezua

[2021-10-01 10:03:03 #74 type.registry] 
New type java.util.Vector<domain.BezeroartekoMezua>

[2021-10-01 10:03:03 #75 type.registry] 
New type domain.Mugimendua

[2021-10-01 10:03:03 #76 type.registry] 
New type java.util.Vector<domain.Mugimendua>

[2021-10-01 10:03:03 #77 type.registry] 
New type java.util.Vector<domain.Pronostikoa>

[2021-10-01 10:03:03 #78 type.registry] 
New type domain.Event

[2021-10-01 10:03:03 #79 type.registry] 
New type domain.ArretaMezua

[2021-10-01 10:03:03 #80 type.registry] 
New type java.util.Vector<domain.ArretaMezua>

[2021-10-01 10:03:03 #81 type.registry] 
New type domain.Langilea

[2021-10-01 10:03:03 #82 type.registry] 
New type java.util.Vector<domain.Question>

[2021-10-01 10:03:03 #83 type.registry] 
New type int[]

[2021-10-01 10:03:03 #84 type.registry] 
New type domain.Event

[2021-10-01 10:03:03 #85 type.registry] 
New type domain.Question

[2021-10-01 10:03:03 #86 type.registry] 
New type java.util.Vector<domain.Question>

[2021-10-01 10:03:03 #87 type.registry] 
New type domain.Pronostikoa

[2021-10-01 10:03:03 #88 type.registry] 
New type java.util.Vector<domain.Pronostikoa>

[2021-10-01 10:03:03 #89 type.registry] 
New type domain.Apustua

[2021-10-01 10:03:03 #90 type.registry] 
New type java.util.Vector<domain.Apustua>

[2021-10-01 10:03:03 #91 type.registry] 
New type java.util.ArrayList<domain.Pronostikoa>

[2021-10-01 10:03:03 #92 type.registry] 
New type domain.Pertsona

[2021-10-01 10:03:03 #93 type.registry] 
New type domain.Bezeroa

[2021-10-01 10:03:03 #94 type.registry] 
New type domain.ArretaElkarrizketa

[2021-10-01 10:03:03 #95 type.registry] 
New type java.util.Vector<domain.ArretaElkarrizketa>

[2021-10-01 10:03:03 #96 type.registry] 
New type domain.Errepikapena

[2021-10-01 10:03:03 #97 type.registry] 
New type java.util.Vector<domain.Errepikapena>

[2021-10-01 10:03:03 #98 type.registry] 
New type domain.Mezua

[2021-10-01 10:03:03 #99 type.registry] 
New type domain.BezeroartekoMezua

[2021-10-01 10:03:03 #100 type.registry] 
New type java.util.Vector<domain.BezeroartekoMezua>

[2021-10-01 10:03:03 #101 type.registry] 
New type domain.Mugimendua

[2021-10-01 10:03:03 #102 type.registry] 
New type java.util.Vector<domain.Mugimendua>

[2021-10-01 10:03:03 #103 type.registry] 
New type domain.ArretaMezua

[2021-10-01 10:03:03 #104 type.registry] 
New type java.util.Vector<domain.ArretaMezua>

[2021-10-01 10:03:03 #105 type.registry] 
New type domain.Langilea

[2021-10-01 10:03:03 #106 type.registry] 
New type int[]

------------------------------------------------------------------------------------------------------------------------

[2021-10-01 10:04:47 #1 store] 
Database '/Users/andreagarciaiche/Desktop/IS2/PROYECTO/Bets21Azkena/src/main/resources/bets.temp' is opened by 30312@MacBook-Pro-de-Andrea.local

------------------------------------------------------------------------------------------------------------------------

[2021-10-01 10:15:54 #1 store] 
Database '/Users/andreagarciaiche/Desktop/IS2/PROYECTO/Bets21Azkena/src/main/resources/bets.temp' is opened by 30535@MacBook-Pro-de-Andrea.local

------------------------------------------------------------------------------------------------------------------------

[2021-10-01 10:19:25 #1 store] 
Database '/Users/andreagarciaiche/Desktop/IS2/PROYECTO/Bets21Azkena/src/main/resources/bets.temp' is opened by 30607@MacBook-Pro-de-Andrea.local

