------------------------------------------------------------------------------------------------------------------------

[2021-10-03 12:04:35 #1 store] 
Database '/Users/andreagarciaiche/Desktop/IS2/PROYECTO/Bets21Azkena/src/main/resources/bets.temp' is opened by 957@MacBook-Pro-de-Andrea.local

[2021-10-03 12:04:35 #2 type.registry] 
New type domain.Event

[2021-10-03 12:04:35 #3 type] 
Type domain.Event is not enhanced.

[2021-10-03 12:04:35 #4 type.registry] 
New type domain.Question

[2021-10-03 12:04:35 #5 type.registry] 
New type java.util.Vector<domain.Question>

[2021-10-03 12:04:35 #6 type] 
Type domain.Question is not enhanced.

[2021-10-03 12:04:35 #7 type.registry] 
New type domain.Pronostikoa

[2021-10-03 12:04:35 #8 type.registry] 
New type java.util.Vector<domain.Pronostikoa>

[2021-10-03 12:04:35 #9 type] 
Type domain.Pronostikoa is not enhanced.

[2021-10-03 12:04:35 #10 type.registry] 
New type domain.Apustua

[2021-10-03 12:04:35 #11 type.registry] 
New type java.util.Vector<domain.Apustua>

[2021-10-03 12:04:35 #12 type] 
Type domain.Apustua is not enhanced.

[2021-10-03 12:04:35 #13 type.registry] 
New type java.util.ArrayList<domain.Pronostikoa>

[2021-10-03 12:04:35 #14 type.registry] 
New type domain.Pertsona

[2021-10-03 12:04:35 #15 type.registry] 
New type domain.Bezeroa

[2021-10-03 12:04:35 #16 type] 
Type domain.Pertsona is not enhanced.

[2021-10-03 12:04:35 #17 type] 
Type domain.Bezeroa is not enhanced.

[2021-10-03 12:04:35 #18 type.registry] 
New type domain.ArretaElkarrizketa

[2021-10-03 12:04:35 #19 type.registry] 
New type java.util.Vector<domain.ArretaElkarrizketa>

[2021-10-03 12:04:35 #20 type.registry] 
New type domain.Errepikapena

[2021-10-03 12:04:35 #21 type.registry] 
New type java.util.Vector<domain.Errepikapena>

[2021-10-03 12:04:35 #22 type.registry] 
New type domain.Mezua

[2021-10-03 12:04:35 #23 type.registry] 
New type domain.BezeroartekoMezua

[2021-10-03 12:04:35 #24 type.registry] 
New type java.util.Vector<domain.BezeroartekoMezua>

[2021-10-03 12:04:35 #25 type.registry] 
New type domain.Mugimendua

[2021-10-03 12:04:35 #26 type.registry] 
New type java.util.Vector<domain.Mugimendua>

[2021-10-03 12:04:35 #27 type] 
Type domain.ArretaElkarrizketa is not enhanced.

[2021-10-03 12:04:35 #28 type.registry] 
New type domain.ArretaMezua

[2021-10-03 12:04:35 #29 type.registry] 
New type java.util.Vector<domain.ArretaMezua>

[2021-10-03 12:04:35 #30 type.registry] 
New type domain.Langilea

[2021-10-03 12:04:35 #31 type] 
Type domain.Errepikapena is not enhanced.

[2021-10-03 12:04:35 #32 type] 
Type domain.Mezua is not enhanced.

[2021-10-03 12:04:35 #33 type] 
Type domain.BezeroartekoMezua is not enhanced.

[2021-10-03 12:04:35 #34 type] 
Type domain.Mugimendua is not enhanced.

[2021-10-03 12:04:35 #35 type] 
Type domain.ArretaMezua is not enhanced.

[2021-10-03 12:04:35 #36 type] 
Type domain.Langilea is not enhanced.

[2021-10-03 12:04:35 #37 type.registry] 
New type int[]

------------------------------------------------------------------------------------------------------------------------

[2021-10-03 12:05:15 #1 store] 
Database '/Users/andreagarciaiche/Desktop/IS2/PROYECTO/Bets21Azkena/src/main/resources/bets.temp' is opened by 977@MacBook-Pro-de-Andrea.local

[2021-10-03 12:05:16 #2 type.registry] 
New type domain.Event

[2021-10-03 12:05:16 #3 type] 
Type domain.Event is not enhanced.

[2021-10-03 12:05:16 #4 type.registry] 
New type domain.Question

[2021-10-03 12:05:16 #5 type.registry] 
New type java.util.Vector<domain.Question>

[2021-10-03 12:05:16 #6 type] 
Type domain.Question is not enhanced.

[2021-10-03 12:05:16 #7 type.registry] 
New type domain.Pronostikoa

[2021-10-03 12:05:16 #8 type.registry] 
New type java.util.Vector<domain.Pronostikoa>

[2021-10-03 12:05:16 #9 type] 
Type domain.Pronostikoa is not enhanced.

[2021-10-03 12:05:16 #10 type.registry] 
New type domain.Apustua

[2021-10-03 12:05:16 #11 type.registry] 
New type java.util.Vector<domain.Apustua>

[2021-10-03 12:05:16 #12 type] 
Type domain.Apustua is not enhanced.

[2021-10-03 12:05:16 #13 type.registry] 
New type java.util.ArrayList<domain.Pronostikoa>

[2021-10-03 12:05:16 #14 type.registry] 
New type domain.Pertsona

[2021-10-03 12:05:16 #15 type.registry] 
New type domain.Bezeroa

[2021-10-03 12:05:16 #16 type] 
Type domain.Pertsona is not enhanced.

[2021-10-03 12:05:16 #17 type] 
Type domain.Bezeroa is not enhanced.

[2021-10-03 12:05:16 #18 type.registry] 
New type domain.ArretaElkarrizketa

[2021-10-03 12:05:16 #19 type.registry] 
New type java.util.Vector<domain.ArretaElkarrizketa>

[2021-10-03 12:05:16 #20 type.registry] 
New type domain.Errepikapena

[2021-10-03 12:05:16 #21 type.registry] 
New type java.util.Vector<domain.Errepikapena>

[2021-10-03 12:05:16 #22 type.registry] 
New type domain.Mezua

[2021-10-03 12:05:16 #23 type.registry] 
New type domain.BezeroartekoMezua

[2021-10-03 12:05:16 #24 type.registry] 
New type java.util.Vector<domain.BezeroartekoMezua>

[2021-10-03 12:05:16 #25 type.registry] 
New type domain.Mugimendua

[2021-10-03 12:05:16 #26 type.registry] 
New type java.util.Vector<domain.Mugimendua>

[2021-10-03 12:05:16 #27 type] 
Type domain.ArretaElkarrizketa is not enhanced.

[2021-10-03 12:05:16 #28 type.registry] 
New type domain.ArretaMezua

[2021-10-03 12:05:16 #29 type.registry] 
New type java.util.Vector<domain.ArretaMezua>

[2021-10-03 12:05:16 #30 type.registry] 
New type domain.Langilea

[2021-10-03 12:05:16 #31 type] 
Type domain.Errepikapena is not enhanced.

[2021-10-03 12:05:16 #32 type] 
Type domain.Mezua is not enhanced.

[2021-10-03 12:05:16 #33 type] 
Type domain.BezeroartekoMezua is not enhanced.

[2021-10-03 12:05:16 #34 type] 
Type domain.Mugimendua is not enhanced.

[2021-10-03 12:05:16 #35 type] 
Type domain.ArretaMezua is not enhanced.

[2021-10-03 12:05:16 #36 type] 
Type domain.Langilea is not enhanced.

[2021-10-03 12:05:16 #37 type.registry] 
New type int[]

------------------------------------------------------------------------------------------------------------------------

[2021-10-03 12:07:19 #1 store] 
Database '/Users/andreagarciaiche/Desktop/IS2/PROYECTO/Bets21Azkena/src/main/resources/bets.temp' is opened by 1030@MacBook-Pro-de-Andrea.local

[2021-10-03 12:07:19 #2 type.registry] 
New type domain.Event

[2021-10-03 12:07:19 #3 type] 
Type domain.Event is not enhanced.

[2021-10-03 12:07:19 #4 type.registry] 
New type domain.Question

[2021-10-03 12:07:19 #5 type.registry] 
New type java.util.Vector<domain.Question>

[2021-10-03 12:07:19 #6 type] 
Type domain.Question is not enhanced.

[2021-10-03 12:07:19 #7 type.registry] 
New type domain.Pronostikoa

[2021-10-03 12:07:19 #8 type.registry] 
New type java.util.Vector<domain.Pronostikoa>

[2021-10-03 12:07:19 #9 type] 
Type domain.Pronostikoa is not enhanced.

[2021-10-03 12:07:19 #10 type.registry] 
New type domain.Apustua

[2021-10-03 12:07:19 #11 type.registry] 
New type java.util.Vector<domain.Apustua>

[2021-10-03 12:07:19 #12 type] 
Type domain.Apustua is not enhanced.

[2021-10-03 12:07:19 #13 type.registry] 
New type java.util.ArrayList<domain.Pronostikoa>

[2021-10-03 12:07:19 #14 type.registry] 
New type domain.Pertsona

[2021-10-03 12:07:19 #15 type.registry] 
New type domain.Bezeroa

[2021-10-03 12:07:19 #16 type] 
Type domain.Pertsona is not enhanced.

[2021-10-03 12:07:19 #17 type] 
Type domain.Bezeroa is not enhanced.

[2021-10-03 12:07:19 #18 type.registry] 
New type domain.ArretaElkarrizketa

[2021-10-03 12:07:19 #19 type.registry] 
New type java.util.Vector<domain.ArretaElkarrizketa>

[2021-10-03 12:07:19 #20 type.registry] 
New type domain.Errepikapena

[2021-10-03 12:07:19 #21 type.registry] 
New type java.util.Vector<domain.Errepikapena>

[2021-10-03 12:07:19 #22 type.registry] 
New type domain.Mezua

[2021-10-03 12:07:19 #23 type.registry] 
New type domain.BezeroartekoMezua

[2021-10-03 12:07:19 #24 type.registry] 
New type java.util.Vector<domain.BezeroartekoMezua>

[2021-10-03 12:07:19 #25 type.registry] 
New type domain.Mugimendua

[2021-10-03 12:07:19 #26 type.registry] 
New type java.util.Vector<domain.Mugimendua>

[2021-10-03 12:07:19 #27 type] 
Type domain.ArretaElkarrizketa is not enhanced.

[2021-10-03 12:07:19 #28 type.registry] 
New type domain.ArretaMezua

[2021-10-03 12:07:19 #29 type.registry] 
New type java.util.Vector<domain.ArretaMezua>

[2021-10-03 12:07:19 #30 type.registry] 
New type domain.Langilea

[2021-10-03 12:07:19 #31 type] 
Type domain.Errepikapena is not enhanced.

[2021-10-03 12:07:19 #32 type] 
Type domain.Mezua is not enhanced.

[2021-10-03 12:07:19 #33 type] 
Type domain.BezeroartekoMezua is not enhanced.

[2021-10-03 12:07:19 #34 type] 
Type domain.Mugimendua is not enhanced.

[2021-10-03 12:07:19 #35 type] 
Type domain.ArretaMezua is not enhanced.

[2021-10-03 12:07:19 #36 type] 
Type domain.Langilea is not enhanced.

[2021-10-03 12:07:19 #37 type.registry] 
New type int[]

------------------------------------------------------------------------------------------------------------------------

[2021-10-03 12:12:07 #1 store] 
Database '/Users/andreagarciaiche/Desktop/IS2/PROYECTO/Bets21Azkena/src/main/resources/bets.temp' is opened by 1250@MacBook-Pro-de-Andrea.local

------------------------------------------------------------------------------------------------------------------------

[2021-10-03 12:19:40 #1 store] 
Database '/Users/andreagarciaiche/Desktop/IS2/PROYECTO/Bets21Azkena/src/main/resources/bets.temp' is opened by 1448@MacBook-Pro-de-Andrea.local

------------------------------------------------------------------------------------------------------------------------

[2021-10-03 12:20:04 #1 store] 
Database '/Users/andreagarciaiche/Desktop/IS2/PROYECTO/Bets21Azkena/src/main/resources/bets.temp' is opened by 1462@MacBook-Pro-de-Andrea.local

[2021-10-03 12:20:04 #2 type.registry] 
New type domain.Event

[2021-10-03 12:20:04 #3 type] 
Type domain.Event is not enhanced.

[2021-10-03 12:20:04 #4 type.registry] 
New type domain.Question

[2021-10-03 12:20:04 #5 type.registry] 
New type java.util.Vector<domain.Question>

[2021-10-03 12:20:04 #6 type] 
Type domain.Question is not enhanced.

[2021-10-03 12:20:04 #7 type.registry] 
New type domain.Pronostikoa

[2021-10-03 12:20:04 #8 type.registry] 
New type java.util.Vector<domain.Pronostikoa>

[2021-10-03 12:20:04 #9 type] 
Type domain.Pronostikoa is not enhanced.

[2021-10-03 12:20:04 #10 type.registry] 
New type domain.Apustua

[2021-10-03 12:20:04 #11 type.registry] 
New type java.util.Vector<domain.Apustua>

[2021-10-03 12:20:04 #12 type] 
Type domain.Apustua is not enhanced.

[2021-10-03 12:20:04 #13 type.registry] 
New type java.util.ArrayList<domain.Pronostikoa>

[2021-10-03 12:20:04 #14 type.registry] 
New type domain.Pertsona

[2021-10-03 12:20:04 #15 type.registry] 
New type domain.Bezeroa

[2021-10-03 12:20:04 #16 type] 
Type domain.Pertsona is not enhanced.

[2021-10-03 12:20:04 #17 type] 
Type domain.Bezeroa is not enhanced.

[2021-10-03 12:20:04 #18 type.registry] 
New type domain.ArretaElkarrizketa

[2021-10-03 12:20:04 #19 type.registry] 
New type java.util.Vector<domain.ArretaElkarrizketa>

[2021-10-03 12:20:04 #20 type.registry] 
New type domain.Errepikapena

[2021-10-03 12:20:04 #21 type.registry] 
New type java.util.Vector<domain.Errepikapena>

[2021-10-03 12:20:04 #22 type.registry] 
New type domain.Mezua

[2021-10-03 12:20:04 #23 type.registry] 
New type domain.BezeroartekoMezua

[2021-10-03 12:20:04 #24 type.registry] 
New type java.util.Vector<domain.BezeroartekoMezua>

[2021-10-03 12:20:04 #25 type.registry] 
New type domain.Mugimendua

[2021-10-03 12:20:04 #26 type.registry] 
New type java.util.Vector<domain.Mugimendua>

[2021-10-03 12:20:04 #27 type] 
Type domain.ArretaElkarrizketa is not enhanced.

[2021-10-03 12:20:04 #28 type.registry] 
New type domain.ArretaMezua

[2021-10-03 12:20:04 #29 type.registry] 
New type java.util.Vector<domain.ArretaMezua>

[2021-10-03 12:20:04 #30 type.registry] 
New type domain.Langilea

[2021-10-03 12:20:04 #31 type] 
Type domain.Errepikapena is not enhanced.

[2021-10-03 12:20:04 #32 type] 
Type domain.Mezua is not enhanced.

[2021-10-03 12:20:04 #33 type] 
Type domain.BezeroartekoMezua is not enhanced.

[2021-10-03 12:20:04 #34 type] 
Type domain.Mugimendua is not enhanced.

[2021-10-03 12:20:04 #35 type] 
Type domain.ArretaMezua is not enhanced.

[2021-10-03 12:20:04 #36 type] 
Type domain.Langilea is not enhanced.

[2021-10-03 12:20:04 #37 type.registry] 
New type int[]

------------------------------------------------------------------------------------------------------------------------

[2021-10-03 12:20:27 #1 store] 
Database '/Users/andreagarciaiche/Desktop/IS2/PROYECTO/Bets21Azkena/src/main/resources/bets.temp' is opened by 1472@MacBook-Pro-de-Andrea.local

[2021-10-03 12:20:27 #2 type.registry] 
New type domain.Event

[2021-10-03 12:20:27 #3 type] 
Type domain.Event is not enhanced.

[2021-10-03 12:20:27 #4 type.registry] 
New type domain.Question

[2021-10-03 12:20:27 #5 type.registry] 
New type java.util.Vector<domain.Question>

[2021-10-03 12:20:27 #6 type] 
Type domain.Question is not enhanced.

[2021-10-03 12:20:27 #7 type.registry] 
New type domain.Pronostikoa

[2021-10-03 12:20:27 #8 type.registry] 
New type java.util.Vector<domain.Pronostikoa>

[2021-10-03 12:20:27 #9 type] 
Type domain.Pronostikoa is not enhanced.

[2021-10-03 12:20:27 #10 type.registry] 
New type domain.Apustua

[2021-10-03 12:20:27 #11 type.registry] 
New type java.util.Vector<domain.Apustua>

[2021-10-03 12:20:27 #12 type] 
Type domain.Apustua is not enhanced.

[2021-10-03 12:20:27 #13 type.registry] 
New type java.util.ArrayList<domain.Pronostikoa>

[2021-10-03 12:20:27 #14 type.registry] 
New type domain.Pertsona

[2021-10-03 12:20:27 #15 type.registry] 
New type domain.Bezeroa

[2021-10-03 12:20:27 #16 type] 
Type domain.Pertsona is not enhanced.

[2021-10-03 12:20:27 #17 type] 
Type domain.Bezeroa is not enhanced.

[2021-10-03 12:20:27 #18 type.registry] 
New type domain.ArretaElkarrizketa

[2021-10-03 12:20:27 #19 type.registry] 
New type java.util.Vector<domain.ArretaElkarrizketa>

[2021-10-03 12:20:27 #20 type.registry] 
New type domain.Errepikapena

[2021-10-03 12:20:27 #21 type.registry] 
New type java.util.Vector<domain.Errepikapena>

[2021-10-03 12:20:27 #22 type.registry] 
New type domain.Mezua

[2021-10-03 12:20:27 #23 type.registry] 
New type domain.BezeroartekoMezua

[2021-10-03 12:20:27 #24 type.registry] 
New type java.util.Vector<domain.BezeroartekoMezua>

[2021-10-03 12:20:27 #25 type.registry] 
New type domain.Mugimendua

[2021-10-03 12:20:27 #26 type.registry] 
New type java.util.Vector<domain.Mugimendua>

[2021-10-03 12:20:27 #27 type] 
Type domain.ArretaElkarrizketa is not enhanced.

[2021-10-03 12:20:27 #28 type.registry] 
New type domain.ArretaMezua

[2021-10-03 12:20:27 #29 type.registry] 
New type java.util.Vector<domain.ArretaMezua>

[2021-10-03 12:20:27 #30 type.registry] 
New type domain.Langilea

[2021-10-03 12:20:27 #31 type] 
Type domain.Errepikapena is not enhanced.

[2021-10-03 12:20:27 #32 type] 
Type domain.Mezua is not enhanced.

[2021-10-03 12:20:27 #33 type] 
Type domain.BezeroartekoMezua is not enhanced.

[2021-10-03 12:20:27 #34 type] 
Type domain.Mugimendua is not enhanced.

[2021-10-03 12:20:27 #35 type] 
Type domain.ArretaMezua is not enhanced.

[2021-10-03 12:20:27 #36 type] 
Type domain.Langilea is not enhanced.

[2021-10-03 12:20:27 #37 type.registry] 
New type int[]

------------------------------------------------------------------------------------------------------------------------

[2021-10-03 12:27:15 #1 store] 
Database '/Users/andreagarciaiche/Desktop/IS2/PROYECTO/Bets21Azkena/src/main/resources/bets.temp' is opened by 1626@MacBook-Pro-de-Andrea.local

[2021-10-03 12:27:15 #2 type.registry] 
New type domain.Event

[2021-10-03 12:27:15 #3 type] 
Type domain.Event is not enhanced.

[2021-10-03 12:27:15 #4 type.registry] 
New type domain.Question

[2021-10-03 12:27:15 #5 type.registry] 
New type java.util.Vector<domain.Question>

[2021-10-03 12:27:15 #6 type] 
Type domain.Question is not enhanced.

[2021-10-03 12:27:15 #7 type.registry] 
New type domain.Pronostikoa

[2021-10-03 12:27:15 #8 type.registry] 
New type java.util.Vector<domain.Pronostikoa>

[2021-10-03 12:27:15 #9 type] 
Type domain.Pronostikoa is not enhanced.

[2021-10-03 12:27:15 #10 type.registry] 
New type domain.Apustua

[2021-10-03 12:27:15 #11 type.registry] 
New type java.util.Vector<domain.Apustua>

[2021-10-03 12:27:15 #12 type] 
Type domain.Apustua is not enhanced.

[2021-10-03 12:27:15 #13 type.registry] 
New type java.util.ArrayList<domain.Pronostikoa>

[2021-10-03 12:27:15 #14 type.registry] 
New type domain.Pertsona

[2021-10-03 12:27:15 #15 type.registry] 
New type domain.Bezeroa

[2021-10-03 12:27:15 #16 type] 
Type domain.Pertsona is not enhanced.

[2021-10-03 12:27:15 #17 type] 
Type domain.Bezeroa is not enhanced.

[2021-10-03 12:27:15 #18 type.registry] 
New type domain.ArretaElkarrizketa

[2021-10-03 12:27:15 #19 type.registry] 
New type java.util.Vector<domain.ArretaElkarrizketa>

[2021-10-03 12:27:15 #20 type.registry] 
New type domain.Errepikapena

[2021-10-03 12:27:15 #21 type.registry] 
New type java.util.Vector<domain.Errepikapena>

[2021-10-03 12:27:15 #22 type.registry] 
New type domain.Mezua

[2021-10-03 12:27:15 #23 type.registry] 
New type domain.BezeroartekoMezua

[2021-10-03 12:27:15 #24 type.registry] 
New type java.util.Vector<domain.BezeroartekoMezua>

[2021-10-03 12:27:15 #25 type.registry] 
New type domain.Mugimendua

[2021-10-03 12:27:15 #26 type.registry] 
New type java.util.Vector<domain.Mugimendua>

[2021-10-03 12:27:15 #27 type] 
Type domain.ArretaElkarrizketa is not enhanced.

[2021-10-03 12:27:15 #28 type.registry] 
New type domain.ArretaMezua

[2021-10-03 12:27:15 #29 type.registry] 
New type java.util.Vector<domain.ArretaMezua>

[2021-10-03 12:27:15 #30 type.registry] 
New type domain.Langilea

[2021-10-03 12:27:15 #31 type] 
Type domain.Errepikapena is not enhanced.

[2021-10-03 12:27:15 #32 type] 
Type domain.Mezua is not enhanced.

[2021-10-03 12:27:15 #33 type] 
Type domain.BezeroartekoMezua is not enhanced.

[2021-10-03 12:27:15 #34 type] 
Type domain.Mugimendua is not enhanced.

[2021-10-03 12:27:15 #35 type] 
Type domain.ArretaMezua is not enhanced.

[2021-10-03 12:27:15 #36 type] 
Type domain.Langilea is not enhanced.

[2021-10-03 12:27:15 #37 type.registry] 
New type int[]

------------------------------------------------------------------------------------------------------------------------

[2021-10-03 12:28:20 #1 store] 
Database '/Users/andreagarciaiche/Desktop/IS2/PROYECTO/Bets21Azkena/src/main/resources/bets.temp' is opened by 1654@MacBook-Pro-de-Andrea.local

[2021-10-03 12:28:21 #2 type.registry] 
New type domain.Event

[2021-10-03 12:28:21 #3 type] 
Type domain.Event is not enhanced.

[2021-10-03 12:28:21 #4 type.registry] 
New type domain.Question

[2021-10-03 12:28:21 #5 type.registry] 
New type java.util.Vector<domain.Question>

[2021-10-03 12:28:21 #6 type] 
Type domain.Question is not enhanced.

[2021-10-03 12:28:21 #7 type.registry] 
New type domain.Pronostikoa

[2021-10-03 12:28:21 #8 type.registry] 
New type java.util.Vector<domain.Pronostikoa>

[2021-10-03 12:28:21 #9 type] 
Type domain.Pronostikoa is not enhanced.

[2021-10-03 12:28:21 #10 type.registry] 
New type domain.Apustua

[2021-10-03 12:28:21 #11 type.registry] 
New type java.util.Vector<domain.Apustua>

[2021-10-03 12:28:21 #12 type] 
Type domain.Apustua is not enhanced.

[2021-10-03 12:28:21 #13 type.registry] 
New type java.util.ArrayList<domain.Pronostikoa>

[2021-10-03 12:28:21 #14 type.registry] 
New type domain.Pertsona

[2021-10-03 12:28:21 #15 type.registry] 
New type domain.Bezeroa

[2021-10-03 12:28:21 #16 type] 
Type domain.Pertsona is not enhanced.

[2021-10-03 12:28:21 #17 type] 
Type domain.Bezeroa is not enhanced.

[2021-10-03 12:28:21 #18 type.registry] 
New type domain.ArretaElkarrizketa

[2021-10-03 12:28:21 #19 type.registry] 
New type java.util.Vector<domain.ArretaElkarrizketa>

[2021-10-03 12:28:21 #20 type.registry] 
New type domain.Errepikapena

[2021-10-03 12:28:21 #21 type.registry] 
New type java.util.Vector<domain.Errepikapena>

[2021-10-03 12:28:21 #22 type.registry] 
New type domain.Mezua

[2021-10-03 12:28:21 #23 type.registry] 
New type domain.BezeroartekoMezua

[2021-10-03 12:28:21 #24 type.registry] 
New type java.util.Vector<domain.BezeroartekoMezua>

[2021-10-03 12:28:21 #25 type.registry] 
New type domain.Mugimendua

[2021-10-03 12:28:21 #26 type.registry] 
New type java.util.Vector<domain.Mugimendua>

[2021-10-03 12:28:21 #27 type] 
Type domain.ArretaElkarrizketa is not enhanced.

[2021-10-03 12:28:21 #28 type.registry] 
New type domain.ArretaMezua

[2021-10-03 12:28:21 #29 type.registry] 
New type java.util.Vector<domain.ArretaMezua>

[2021-10-03 12:28:21 #30 type.registry] 
New type domain.Langilea

[2021-10-03 12:28:21 #31 type] 
Type domain.Errepikapena is not enhanced.

[2021-10-03 12:28:21 #32 type] 
Type domain.Mezua is not enhanced.

[2021-10-03 12:28:21 #33 type] 
Type domain.BezeroartekoMezua is not enhanced.

[2021-10-03 12:28:21 #34 type] 
Type domain.Mugimendua is not enhanced.

[2021-10-03 12:28:21 #35 type] 
Type domain.ArretaMezua is not enhanced.

[2021-10-03 12:28:21 #36 type] 
Type domain.Langilea is not enhanced.

[2021-10-03 12:28:21 #37 type.registry] 
New type int[]

------------------------------------------------------------------------------------------------------------------------

[2021-10-03 12:31:35 #1 store] 
Database '/Users/andreagarciaiche/Desktop/IS2/PROYECTO/Bets21Azkena/src/main/resources/bets.temp' is opened by 1761@MacBook-Pro-de-Andrea.local

[2021-10-03 12:31:35 #2 type.registry] 
New type domain.Event

[2021-10-03 12:31:35 #3 type] 
Type domain.Event is not enhanced.

[2021-10-03 12:31:35 #4 type.registry] 
New type domain.Question

[2021-10-03 12:31:35 #5 type.registry] 
New type java.util.Vector<domain.Question>

[2021-10-03 12:31:35 #6 type] 
Type domain.Question is not enhanced.

[2021-10-03 12:31:35 #7 type.registry] 
New type domain.Pronostikoa

[2021-10-03 12:31:35 #8 type.registry] 
New type java.util.Vector<domain.Pronostikoa>

[2021-10-03 12:31:35 #9 type] 
Type domain.Pronostikoa is not enhanced.

[2021-10-03 12:31:35 #10 type.registry] 
New type domain.Apustua

[2021-10-03 12:31:35 #11 type.registry] 
New type java.util.Vector<domain.Apustua>

[2021-10-03 12:31:35 #12 type] 
Type domain.Apustua is not enhanced.

[2021-10-03 12:31:35 #13 type.registry] 
New type java.util.ArrayList<domain.Pronostikoa>

[2021-10-03 12:31:35 #14 type.registry] 
New type domain.Pertsona

[2021-10-03 12:31:35 #15 type.registry] 
New type domain.Bezeroa

[2021-10-03 12:31:35 #16 type] 
Type domain.Pertsona is not enhanced.

[2021-10-03 12:31:35 #17 type] 
Type domain.Bezeroa is not enhanced.

[2021-10-03 12:31:35 #18 type.registry] 
New type domain.ArretaElkarrizketa

[2021-10-03 12:31:35 #19 type.registry] 
New type java.util.Vector<domain.ArretaElkarrizketa>

[2021-10-03 12:31:35 #20 type.registry] 
New type domain.Errepikapena

[2021-10-03 12:31:35 #21 type.registry] 
New type java.util.Vector<domain.Errepikapena>

[2021-10-03 12:31:35 #22 type.registry] 
New type domain.Mezua

[2021-10-03 12:31:35 #23 type.registry] 
New type domain.BezeroartekoMezua

[2021-10-03 12:31:35 #24 type.registry] 
New type java.util.Vector<domain.BezeroartekoMezua>

[2021-10-03 12:31:35 #25 type.registry] 
New type domain.Mugimendua

[2021-10-03 12:31:35 #26 type.registry] 
New type java.util.Vector<domain.Mugimendua>

[2021-10-03 12:31:35 #27 type] 
Type domain.ArretaElkarrizketa is not enhanced.

[2021-10-03 12:31:35 #28 type.registry] 
New type domain.ArretaMezua

[2021-10-03 12:31:35 #29 type.registry] 
New type java.util.Vector<domain.ArretaMezua>

[2021-10-03 12:31:35 #30 type.registry] 
New type domain.Langilea

[2021-10-03 12:31:35 #31 type] 
Type domain.Errepikapena is not enhanced.

[2021-10-03 12:31:35 #32 type] 
Type domain.Mezua is not enhanced.

[2021-10-03 12:31:35 #33 type] 
Type domain.BezeroartekoMezua is not enhanced.

[2021-10-03 12:31:35 #34 type] 
Type domain.Mugimendua is not enhanced.

[2021-10-03 12:31:35 #35 type] 
Type domain.ArretaMezua is not enhanced.

[2021-10-03 12:31:35 #36 type] 
Type domain.Langilea is not enhanced.

[2021-10-03 12:31:35 #37 type.registry] 
New type int[]

------------------------------------------------------------------------------------------------------------------------

[2021-10-03 12:41:40 #1 store] 
Database '/Users/andreagarciaiche/Desktop/IS2/PROYECTO/Bets21Azkena/src/main/resources/bets.temp' is opened by 1991@MacBook-Pro-de-Andrea.local

[2021-10-03 12:41:41 #2 type.registry] 
New type domain.Event

[2021-10-03 12:41:41 #3 type] 
Type domain.Event is not enhanced.

[2021-10-03 12:41:41 #4 type.registry] 
New type domain.Question

[2021-10-03 12:41:41 #5 type.registry] 
New type java.util.Vector<domain.Question>

[2021-10-03 12:41:41 #6 type] 
Type domain.Question is not enhanced.

[2021-10-03 12:41:41 #7 type.registry] 
New type domain.Pronostikoa

[2021-10-03 12:41:41 #8 type.registry] 
New type java.util.Vector<domain.Pronostikoa>

[2021-10-03 12:41:41 #9 type] 
Type domain.Pronostikoa is not enhanced.

[2021-10-03 12:41:41 #10 type.registry] 
New type domain.Apustua

[2021-10-03 12:41:41 #11 type.registry] 
New type java.util.Vector<domain.Apustua>

[2021-10-03 12:41:41 #12 type] 
Type domain.Apustua is not enhanced.

[2021-10-03 12:41:41 #13 type.registry] 
New type java.util.ArrayList<domain.Pronostikoa>

[2021-10-03 12:41:41 #14 type.registry] 
New type domain.Pertsona

[2021-10-03 12:41:41 #15 type.registry] 
New type domain.Bezeroa

[2021-10-03 12:41:41 #16 type] 
Type domain.Pertsona is not enhanced.

[2021-10-03 12:41:41 #17 type] 
Type domain.Bezeroa is not enhanced.

[2021-10-03 12:41:41 #18 type.registry] 
New type domain.ArretaElkarrizketa

[2021-10-03 12:41:41 #19 type.registry] 
New type java.util.Vector<domain.ArretaElkarrizketa>

[2021-10-03 12:41:41 #20 type.registry] 
New type domain.Errepikapena

[2021-10-03 12:41:41 #21 type.registry] 
New type java.util.Vector<domain.Errepikapena>

[2021-10-03 12:41:41 #22 type.registry] 
New type domain.Mezua

[2021-10-03 12:41:41 #23 type.registry] 
New type domain.BezeroartekoMezua

[2021-10-03 12:41:41 #24 type.registry] 
New type java.util.Vector<domain.BezeroartekoMezua>

[2021-10-03 12:41:41 #25 type.registry] 
New type domain.Mugimendua

[2021-10-03 12:41:41 #26 type.registry] 
New type java.util.Vector<domain.Mugimendua>

[2021-10-03 12:41:41 #27 type] 
Type domain.ArretaElkarrizketa is not enhanced.

[2021-10-03 12:41:41 #28 type.registry] 
New type domain.ArretaMezua

[2021-10-03 12:41:41 #29 type.registry] 
New type java.util.Vector<domain.ArretaMezua>

[2021-10-03 12:41:41 #30 type.registry] 
New type domain.Langilea

[2021-10-03 12:41:41 #31 type] 
Type domain.Errepikapena is not enhanced.

[2021-10-03 12:41:41 #32 type] 
Type domain.Mezua is not enhanced.

[2021-10-03 12:41:41 #33 type] 
Type domain.BezeroartekoMezua is not enhanced.

[2021-10-03 12:41:41 #34 type] 
Type domain.Mugimendua is not enhanced.

[2021-10-03 12:41:41 #35 type] 
Type domain.ArretaMezua is not enhanced.

[2021-10-03 12:41:41 #36 type] 
Type domain.Langilea is not enhanced.

[2021-10-03 12:41:41 #37 type.registry] 
New type int[]

------------------------------------------------------------------------------------------------------------------------

[2021-10-03 12:46:36 #1 store] 
Database '/Users/andreagarciaiche/Desktop/IS2/PROYECTO/Bets21Azkena/src/main/resources/bets.temp' is opened by 2109@MacBook-Pro-de-Andrea.local

------------------------------------------------------------------------------------------------------------------------

[2021-10-03 12:46:47 #1 store] 
Database '/Users/andreagarciaiche/Desktop/IS2/PROYECTO/Bets21Azkena/src/main/resources/bets.temp' is opened by 2116@MacBook-Pro-de-Andrea.local

------------------------------------------------------------------------------------------------------------------------

[2021-10-03 12:48:12 #1 store] 
Database '/Users/andreagarciaiche/Desktop/IS2/PROYECTO/Bets21Azkena/src/main/resources/bets.temp' is opened by 2148@MacBook-Pro-de-Andrea.local

[2021-10-03 12:48:12 #2 type.registry] 
New type domain.Event

[2021-10-03 12:48:12 #3 type] 
Type domain.Event is not enhanced.

[2021-10-03 12:48:12 #4 type.registry] 
New type domain.Question

[2021-10-03 12:48:12 #5 type.registry] 
New type java.util.Vector<domain.Question>

[2021-10-03 12:48:12 #6 type] 
Type domain.Question is not enhanced.

[2021-10-03 12:48:12 #7 type.registry] 
New type domain.Pronostikoa

[2021-10-03 12:48:12 #8 type.registry] 
New type java.util.Vector<domain.Pronostikoa>

[2021-10-03 12:48:12 #9 type] 
Type domain.Pronostikoa is not enhanced.

[2021-10-03 12:48:12 #10 type.registry] 
New type domain.Apustua

[2021-10-03 12:48:12 #11 type.registry] 
New type java.util.Vector<domain.Apustua>

[2021-10-03 12:48:12 #12 type] 
Type domain.Apustua is not enhanced.

[2021-10-03 12:48:12 #13 type.registry] 
New type java.util.ArrayList<domain.Pronostikoa>

[2021-10-03 12:48:12 #14 type.registry] 
New type domain.Pertsona

[2021-10-03 12:48:12 #15 type.registry] 
New type domain.Bezeroa

[2021-10-03 12:48:12 #16 type] 
Type domain.Pertsona is not enhanced.

[2021-10-03 12:48:12 #17 type] 
Type domain.Bezeroa is not enhanced.

[2021-10-03 12:48:12 #18 type.registry] 
New type domain.ArretaElkarrizketa

[2021-10-03 12:48:12 #19 type.registry] 
New type java.util.Vector<domain.ArretaElkarrizketa>

[2021-10-03 12:48:12 #20 type.registry] 
New type domain.Errepikapena

[2021-10-03 12:48:12 #21 type.registry] 
New type java.util.Vector<domain.Errepikapena>

[2021-10-03 12:48:12 #22 type.registry] 
New type domain.Mezua

[2021-10-03 12:48:12 #23 type.registry] 
New type domain.BezeroartekoMezua

[2021-10-03 12:48:12 #24 type.registry] 
New type java.util.Vector<domain.BezeroartekoMezua>

[2021-10-03 12:48:12 #25 type.registry] 
New type domain.Mugimendua

[2021-10-03 12:48:12 #26 type.registry] 
New type java.util.Vector<domain.Mugimendua>

[2021-10-03 12:48:12 #27 type] 
Type domain.ArretaElkarrizketa is not enhanced.

[2021-10-03 12:48:12 #28 type.registry] 
New type domain.ArretaMezua

[2021-10-03 12:48:12 #29 type.registry] 
New type java.util.Vector<domain.ArretaMezua>

[2021-10-03 12:48:12 #30 type.registry] 
New type domain.Langilea

[2021-10-03 12:48:12 #31 type] 
Type domain.Errepikapena is not enhanced.

[2021-10-03 12:48:12 #32 type] 
Type domain.Mezua is not enhanced.

[2021-10-03 12:48:12 #33 type] 
Type domain.BezeroartekoMezua is not enhanced.

[2021-10-03 12:48:12 #34 type] 
Type domain.Mugimendua is not enhanced.

[2021-10-03 12:48:12 #35 type] 
Type domain.ArretaMezua is not enhanced.

[2021-10-03 12:48:12 #36 type] 
Type domain.Langilea is not enhanced.

[2021-10-03 12:48:12 #37 type.registry] 
New type int[]

------------------------------------------------------------------------------------------------------------------------

[2021-10-03 12:50:09 #1 store] 
Database '/Users/andreagarciaiche/Desktop/IS2/PROYECTO/Bets21Azkena/src/main/resources/bets.temp' is opened by 2195@MacBook-Pro-de-Andrea.local

[2021-10-03 12:50:09 #2 type.registry] 
New type domain.Event

[2021-10-03 12:50:09 #3 type] 
Type domain.Event is not enhanced.

[2021-10-03 12:50:09 #4 type.registry] 
New type domain.Question

[2021-10-03 12:50:09 #5 type.registry] 
New type java.util.Vector<domain.Question>

[2021-10-03 12:50:09 #6 type] 
Type domain.Question is not enhanced.

[2021-10-03 12:50:09 #7 type.registry] 
New type domain.Pronostikoa

[2021-10-03 12:50:09 #8 type.registry] 
New type java.util.Vector<domain.Pronostikoa>

[2021-10-03 12:50:09 #9 type] 
Type domain.Pronostikoa is not enhanced.

[2021-10-03 12:50:09 #10 type.registry] 
New type domain.Apustua

[2021-10-03 12:50:09 #11 type.registry] 
New type java.util.Vector<domain.Apustua>

[2021-10-03 12:50:09 #12 type] 
Type domain.Apustua is not enhanced.

[2021-10-03 12:50:09 #13 type.registry] 
New type java.util.ArrayList<domain.Pronostikoa>

[2021-10-03 12:50:09 #14 type.registry] 
New type domain.Pertsona

[2021-10-03 12:50:09 #15 type.registry] 
New type domain.Bezeroa

[2021-10-03 12:50:09 #16 type] 
Type domain.Pertsona is not enhanced.

[2021-10-03 12:50:09 #17 type] 
Type domain.Bezeroa is not enhanced.

[2021-10-03 12:50:09 #18 type.registry] 
New type domain.ArretaElkarrizketa

[2021-10-03 12:50:09 #19 type.registry] 
New type java.util.Vector<domain.ArretaElkarrizketa>

[2021-10-03 12:50:09 #20 type.registry] 
New type domain.Errepikapena

[2021-10-03 12:50:09 #21 type.registry] 
New type java.util.Vector<domain.Errepikapena>

[2021-10-03 12:50:09 #22 type.registry] 
New type domain.Mezua

[2021-10-03 12:50:09 #23 type.registry] 
New type domain.BezeroartekoMezua

[2021-10-03 12:50:09 #24 type.registry] 
New type java.util.Vector<domain.BezeroartekoMezua>

[2021-10-03 12:50:09 #25 type.registry] 
New type domain.Mugimendua

[2021-10-03 12:50:09 #26 type.registry] 
New type java.util.Vector<domain.Mugimendua>

[2021-10-03 12:50:09 #27 type] 
Type domain.ArretaElkarrizketa is not enhanced.

[2021-10-03 12:50:09 #28 type.registry] 
New type domain.ArretaMezua

[2021-10-03 12:50:09 #29 type.registry] 
New type java.util.Vector<domain.ArretaMezua>

[2021-10-03 12:50:09 #30 type.registry] 
New type domain.Langilea

[2021-10-03 12:50:09 #31 type] 
Type domain.Errepikapena is not enhanced.

[2021-10-03 12:50:09 #32 type] 
Type domain.Mezua is not enhanced.

[2021-10-03 12:50:09 #33 type] 
Type domain.BezeroartekoMezua is not enhanced.

[2021-10-03 12:50:09 #34 type] 
Type domain.Mugimendua is not enhanced.

[2021-10-03 12:50:09 #35 type] 
Type domain.ArretaMezua is not enhanced.

[2021-10-03 12:50:09 #36 type] 
Type domain.Langilea is not enhanced.

[2021-10-03 12:50:09 #37 type.registry] 
New type int[]

------------------------------------------------------------------------------------------------------------------------

[2021-10-03 12:52:45 #1 store] 
Database '/Users/andreagarciaiche/Desktop/IS2/PROYECTO/Bets21Azkena/src/main/resources/bets.temp' is opened by 2260@MacBook-Pro-de-Andrea.local

[2021-10-03 12:52:46 #2 type.registry] 
New type domain.Event

[2021-10-03 12:52:46 #3 type] 
Type domain.Event is not enhanced.

[2021-10-03 12:52:46 #4 type.registry] 
New type domain.Question

[2021-10-03 12:52:46 #5 type.registry] 
New type java.util.Vector<domain.Question>

[2021-10-03 12:52:46 #6 type] 
Type domain.Question is not enhanced.

[2021-10-03 12:52:46 #7 type.registry] 
New type domain.Pronostikoa

[2021-10-03 12:52:46 #8 type.registry] 
New type java.util.Vector<domain.Pronostikoa>

[2021-10-03 12:52:46 #9 type] 
Type domain.Pronostikoa is not enhanced.

[2021-10-03 12:52:46 #10 type.registry] 
New type domain.Apustua

[2021-10-03 12:52:46 #11 type.registry] 
New type java.util.Vector<domain.Apustua>

[2021-10-03 12:52:46 #12 type] 
Type domain.Apustua is not enhanced.

[2021-10-03 12:52:46 #13 type.registry] 
New type java.util.ArrayList<domain.Pronostikoa>

[2021-10-03 12:52:46 #14 type.registry] 
New type domain.Pertsona

[2021-10-03 12:52:46 #15 type.registry] 
New type domain.Bezeroa

[2021-10-03 12:52:46 #16 type] 
Type domain.Pertsona is not enhanced.

[2021-10-03 12:52:46 #17 type] 
Type domain.Bezeroa is not enhanced.

[2021-10-03 12:52:46 #18 type.registry] 
New type domain.ArretaElkarrizketa

[2021-10-03 12:52:46 #19 type.registry] 
New type java.util.Vector<domain.ArretaElkarrizketa>

[2021-10-03 12:52:46 #20 type.registry] 
New type domain.Errepikapena

[2021-10-03 12:52:46 #21 type.registry] 
New type java.util.Vector<domain.Errepikapena>

[2021-10-03 12:52:46 #22 type.registry] 
New type domain.Mezua

[2021-10-03 12:52:46 #23 type.registry] 
New type domain.BezeroartekoMezua

[2021-10-03 12:52:46 #24 type.registry] 
New type java.util.Vector<domain.BezeroartekoMezua>

[2021-10-03 12:52:46 #25 type.registry] 
New type domain.Mugimendua

[2021-10-03 12:52:46 #26 type.registry] 
New type java.util.Vector<domain.Mugimendua>

[2021-10-03 12:52:46 #27 type] 
Type domain.ArretaElkarrizketa is not enhanced.

[2021-10-03 12:52:46 #28 type.registry] 
New type domain.ArretaMezua

[2021-10-03 12:52:46 #29 type.registry] 
New type java.util.Vector<domain.ArretaMezua>

[2021-10-03 12:52:46 #30 type.registry] 
New type domain.Langilea

[2021-10-03 12:52:46 #31 type] 
Type domain.Errepikapena is not enhanced.

[2021-10-03 12:52:46 #32 type] 
Type domain.Mezua is not enhanced.

[2021-10-03 12:52:46 #33 type] 
Type domain.BezeroartekoMezua is not enhanced.

[2021-10-03 12:52:46 #34 type] 
Type domain.Mugimendua is not enhanced.

[2021-10-03 12:52:46 #35 type] 
Type domain.ArretaMezua is not enhanced.

[2021-10-03 12:52:46 #36 type] 
Type domain.Langilea is not enhanced.

[2021-10-03 12:52:46 #37 type.registry] 
New type int[]

------------------------------------------------------------------------------------------------------------------------

[2021-10-03 12:53:07 #1 store] 
Database '/Users/andreagarciaiche/Desktop/IS2/PROYECTO/Bets21Azkena/src/main/resources/bets.temp' is opened by 2274@MacBook-Pro-de-Andrea.local

[2021-10-03 12:53:08 #2 type.registry] 
New type domain.Event

[2021-10-03 12:53:08 #3 type] 
Type domain.Event is not enhanced.

[2021-10-03 12:53:08 #4 type.registry] 
New type domain.Question

[2021-10-03 12:53:08 #5 type.registry] 
New type java.util.Vector<domain.Question>

[2021-10-03 12:53:08 #6 type] 
Type domain.Question is not enhanced.

[2021-10-03 12:53:08 #7 type.registry] 
New type domain.Pronostikoa

[2021-10-03 12:53:08 #8 type.registry] 
New type java.util.Vector<domain.Pronostikoa>

[2021-10-03 12:53:08 #9 type] 
Type domain.Pronostikoa is not enhanced.

[2021-10-03 12:53:08 #10 type.registry] 
New type domain.Apustua

[2021-10-03 12:53:08 #11 type.registry] 
New type java.util.Vector<domain.Apustua>

[2021-10-03 12:53:08 #12 type] 
Type domain.Apustua is not enhanced.

[2021-10-03 12:53:08 #13 type.registry] 
New type java.util.ArrayList<domain.Pronostikoa>

[2021-10-03 12:53:08 #14 type.registry] 
New type domain.Pertsona

[2021-10-03 12:53:08 #15 type.registry] 
New type domain.Bezeroa

[2021-10-03 12:53:08 #16 type] 
Type domain.Pertsona is not enhanced.

[2021-10-03 12:53:08 #17 type] 
Type domain.Bezeroa is not enhanced.

[2021-10-03 12:53:08 #18 type.registry] 
New type domain.ArretaElkarrizketa

[2021-10-03 12:53:08 #19 type.registry] 
New type java.util.Vector<domain.ArretaElkarrizketa>

[2021-10-03 12:53:08 #20 type.registry] 
New type domain.Errepikapena

[2021-10-03 12:53:08 #21 type.registry] 
New type java.util.Vector<domain.Errepikapena>

[2021-10-03 12:53:08 #22 type.registry] 
New type domain.Mezua

[2021-10-03 12:53:08 #23 type.registry] 
New type domain.BezeroartekoMezua

[2021-10-03 12:53:08 #24 type.registry] 
New type java.util.Vector<domain.BezeroartekoMezua>

[2021-10-03 12:53:08 #25 type.registry] 
New type domain.Mugimendua

[2021-10-03 12:53:08 #26 type.registry] 
New type java.util.Vector<domain.Mugimendua>

[2021-10-03 12:53:08 #27 type] 
Type domain.ArretaElkarrizketa is not enhanced.

[2021-10-03 12:53:08 #28 type.registry] 
New type domain.ArretaMezua

[2021-10-03 12:53:08 #29 type.registry] 
New type java.util.Vector<domain.ArretaMezua>

[2021-10-03 12:53:08 #30 type.registry] 
New type domain.Langilea

[2021-10-03 12:53:08 #31 type] 
Type domain.Errepikapena is not enhanced.

[2021-10-03 12:53:08 #32 type] 
Type domain.Mezua is not enhanced.

[2021-10-03 12:53:08 #33 type] 
Type domain.BezeroartekoMezua is not enhanced.

[2021-10-03 12:53:08 #34 type] 
Type domain.Mugimendua is not enhanced.

[2021-10-03 12:53:08 #35 type] 
Type domain.ArretaMezua is not enhanced.

[2021-10-03 12:53:08 #36 type] 
Type domain.Langilea is not enhanced.

[2021-10-03 12:53:08 #37 type.registry] 
New type int[]

